#
# There is insufficient memory for the Java Runtime Environment to continue.
# Native memory allocation (malloc) failed to allocate 656816 bytes for Chunk::new
# Possible reasons:
#   The system is out of physical RAM or swap space
#   The process is running with CompressedOops enabled, and the Java Heap may be blocking the growth of the native heap
# Possible solutions:
#   Reduce memory load on the system
#   Increase physical memory or swap space
#   Check if swap backing store is full
#   Decrease Java heap size (-Xmx/-Xms)
#   Decrease number of Java threads
#   Decrease Java thread stack sizes (-Xss)
#   Set larger code cache with -XX:ReservedCodeCacheSize=
#   JVM is running with Unscaled Compressed Oops mode in which the Java heap is
#     placed in the first 4GB address space. The Java Heap base address is the
#     maximum limit for the native heap growth. Please use -XX:HeapBaseMinAddress
#     to set the Java Heap base and to place the Java Heap above 4GB virtual address.
# This output file may be truncated or incomplete.
#
#  Out of Memory Error (c:/BuildAgent/work/5ff2f6c26000d570/src/hotspot/share/memory/arena.cpp:197), pid=20160, tid=23800
#
# JRE version: OpenJDK Runtime Environment (11.0.5+10) (build 11.0.5+10-b520.38)
# Java VM: OpenJDK 64-Bit Server VM (11.0.5+10-b520.38, mixed mode, sharing, tiered, compressed oops, g1 gc, windows-amd64)
# No core dump will be written. Minidumps are not enabled by default on client versions of Windows
#

---------------  S U M M A R Y ------------

Command Line: --add-opens=java.base/java.util=ALL-UNNAMED --add-opens=java.base/java.lang=ALL-UNNAMED --add-opens=java.base/java.lang.invoke=ALL-UNNAMED --add-opens=java.prefs/java.util.prefs=ALL-UNNAMED -XX:MaxMetaspaceSize=256m -XX:+HeapDumpOnOutOfMemoryError -Xmx512m -Dfile.encoding=UTF-8 -Duser.country=US -Duser.language=en -Duser.variant org.gradle.launcher.daemon.bootstrap.GradleDaemon 5.2.1

Host: Intel(R) Core(TM) i5-8600K CPU @ 3.60GHz, 6 cores, 15G,  Windows 10 , 64 bit Build 18362 (10.0.18362.329)
Time: Sat Mar  7 22:34:56 2020 GTB Standard Time elapsed time: 3357 seconds (0d 0h 55m 57s)

---------------  T H R E A D  ---------------

Current thread (0x000001c9bf304800):  JavaThread "C2 CompilerThread0" daemon [_thread_in_native, id=23800, stack(0x000000b250700000,0x000000b250800000)]


Current CompileTask:
C2:3357696 6037       4       org.gradle.internal.dispatch.ProxyDispatchAdapter$DispatchingInvocationHandler::invoke (184 bytes)

Stack: [0x000000b250700000,0x000000b250800000]
Native frames: (J=compiled Java code, j=interpreted, Vv=VM code, C=native code)
V  [jvm.dll+0x5dcafa]
V  [jvm.dll+0x70e375]
V  [jvm.dll+0x70f898]
V  [jvm.dll+0x70ff63]
V  [jvm.dll+0x23e238]
V  [jvm.dll+0xb8a9c]
V  [jvm.dll+0xb8fac]
V  [jvm.dll+0x34fc5b]
V  [jvm.dll+0x31d9d3]
V  [jvm.dll+0x31cf6a]
V  [jvm.dll+0x1f78c2]
V  [jvm.dll+0x1f6a94]
V  [jvm.dll+0x17f6fc]
V  [jvm.dll+0x204f77]
V  [jvm.dll+0x2037f1]
V  [jvm.dll+0x6d835f]
V  [jvm.dll+0x6d114d]
V  [jvm.dll+0x5dbdd6]
C  [ucrtbase.dll+0x20e72]
C  [KERNEL32.DLL+0x17bd4]
C  [ntdll.dll+0x6ced1]


---------------  P R O C E S S  ---------------

Threads class SMR info:
_java_thread_list=0x000001c9c2a5d960, length=49, elements={
0x000001c9a860c800, 0x000001c9bf2e3800, 0x000001c9bf2e4800, 0x000001c9bf2ff800,
0x000001c9bf301800, 0x000001c9bf304800, 0x000001c9bf308000, 0x000001c9bf314000,
0x000001c9bfd56800, 0x000001c9bfd79800, 0x000001c9bfddb800, 0x000001c9c132f800,
0x000001c9c1b85000, 0x000001c9c1b86000, 0x000001c9c1b87000, 0x000001c9c3941800,
0x000001c9c3943000, 0x000001c9c3944000, 0x000001c9c3942800, 0x000001c9c3941000,
0x000001c9c3945000, 0x000001c9c3945800, 0x000001c9c3940000, 0x000001c9c394a800,
0x000001c9c394b800, 0x000001c9c394a000, 0x000001c9c3948000, 0x000001c9c394c000,
0x000001c9c3946800, 0x000001c9c3947800, 0x000001c9c394e000, 0x000001c9c394d000,
0x000001c9c3949000, 0x000001c9c394e800, 0x000001c9c1b89000, 0x000001c9c1b83800,
0x000001c9c1b87800, 0x000001c9c2b13000, 0x000001c9c2b12000, 0x000001c9c2b14000,
0x000001c9c2b14800, 0x000001c9c2b16000, 0x000001c9c2b15800, 0x000001c9c2b10800,
0x000001c9c2b17000, 0x000001c9c2b11800, 0x000001c9c2b1b000, 0x000001c9c2b1d000,
0x000001c9c2b1a800
}

Java Threads: ( => current thread )
  0x000001c9a860c800 JavaThread "main" [_thread_blocked, id=26532, stack(0x000000b24fc00000,0x000000b24fd00000)]
  0x000001c9bf2e3800 JavaThread "Reference Handler" daemon [_thread_blocked, id=13572, stack(0x000000b250300000,0x000000b250400000)]
  0x000001c9bf2e4800 JavaThread "Finalizer" daemon [_thread_blocked, id=21600, stack(0x000000b250400000,0x000000b250500000)]
  0x000001c9bf2ff800 JavaThread "Signal Dispatcher" daemon [_thread_blocked, id=2668, stack(0x000000b250500000,0x000000b250600000)]
  0x000001c9bf301800 JavaThread "Attach Listener" daemon [_thread_blocked, id=264, stack(0x000000b250600000,0x000000b250700000)]
=>0x000001c9bf304800 JavaThread "C2 CompilerThread0" daemon [_thread_in_native, id=23800, stack(0x000000b250700000,0x000000b250800000)]
  0x000001c9bf308000 JavaThread "C1 CompilerThread0" daemon [_thread_blocked, id=19196, stack(0x000000b250800000,0x000000b250900000)]
  0x000001c9bf314000 JavaThread "Sweeper thread" daemon [_thread_blocked, id=20276, stack(0x000000b250900000,0x000000b250a00000)]
  0x000001c9bfd56800 JavaThread "Common-Cleaner" daemon [_thread_blocked, id=23116, stack(0x000000b250a00000,0x000000b250b00000)]
  0x000001c9bfd79800 JavaThread "Service Thread" daemon [_thread_blocked, id=21428, stack(0x000000b250b00000,0x000000b250c00000)]
  0x000001c9bfddb800 JavaThread "Incoming local TCP Connector on port 55490" [_thread_in_native, id=23676, stack(0x000000b250d00000,0x000000b250e00000)]
  0x000001c9c132f800 JavaThread "Daemon periodic checks" [_thread_blocked, id=7860, stack(0x000000b251300000,0x000000b251400000)]
  0x000001c9c1b85000 JavaThread "Cache worker for file hash cache (C:\Users\RAZVAN\.gradle\caches\5.2.1\fileHashes)" [_thread_blocked, id=768, stack(0x000000b251b00000,0x000000b251c00000)]
  0x000001c9c1b86000 JavaThread "File lock request listener" [_thread_in_native, id=24420, stack(0x000000b251c00000,0x000000b251d00000)]
  0x000001c9c1b87000 JavaThread "Cache worker for journal cache (C:\Users\RAZVAN\.gradle\caches\journal-1)" [_thread_blocked, id=7116, stack(0x000000b251d00000,0x000000b251e00000)]
  0x000001c9c3941800 JavaThread "Cache worker for execution history cache (C:\Users\RAZVAN\.gradle\caches\5.2.1\executionHistory)" [_thread_blocked, id=4956, stack(0x000000b252400000,0x000000b252500000)]
  0x000001c9c3943000 JavaThread "Memory manager" [_thread_blocked, id=26220, stack(0x000000b252500000,0x000000b252600000)]
  0x000001c9c3944000 JavaThread "Cache worker for file content cache (C:\Users\RAZVAN\.gradle\caches\5.2.1\fileContent)" [_thread_blocked, id=22020, stack(0x000000b252600000,0x000000b252700000)]
  0x000001c9c3942800 JavaThread "Daemon Thread 2" [_thread_blocked, id=3960, stack(0x000000b24f900000,0x000000b24fa00000)]
  0x000001c9c3941000 JavaThread "Handler for socket connection from /127.0.0.1:55490 to /127.0.0.1:58554" [_thread_in_native, id=26476, stack(0x000000b24fa00000,0x000000b24fb00000)]
  0x000001c9c3945000 JavaThread "Cancel handler" [_thread_blocked, id=20632, stack(0x000000b24fb00000,0x000000b24fc00000)]
  0x000001c9c3945800 JavaThread "Daemon worker Thread 2" [_thread_blocked, id=19964, stack(0x000000b251400000,0x000000b251500000)]
  0x000001c9c3940000 JavaThread "Asynchronous log dispatcher for DefaultDaemonConnection: socket connection from /127.0.0.1:55490 to /127.0.0.1:58554" [_thread_blocked, id=7868, stack(0x000000b251500000,0x000000b251600000)]
  0x000001c9c394a800 JavaThread "Stdin handler" [_thread_blocked, id=19728, stack(0x000000b251600000,0x000000b251700000)]
  0x000001c9c394b800 JavaThread "Thread-45" [_thread_blocked, id=25272, stack(0x000000b251700000,0x000000b251800000)]
  0x000001c9c394a000 JavaThread "Cache worker for file hash cache (C:\Users\RAZVAN\IdeaProjects\MPP_L3\.gradle\5.2.1\fileHashes)" [_thread_blocked, id=17996, stack(0x000000b251800000,0x000000b251900000)]
  0x000001c9c3948000 JavaThread "Cache worker for cache directory md-supplier (C:\Users\RAZVAN\.gradle\caches\5.2.1\md-supplier)" [_thread_blocked, id=24044, stack(0x000000b251900000,0x000000b251a00000)]
  0x000001c9c394c000 JavaThread "Cache worker for cache directory md-rule (C:\Users\RAZVAN\.gradle\caches\5.2.1\md-rule)" [_thread_blocked, id=9892, stack(0x000000b251a00000,0x000000b251b00000)]
  0x000001c9c3946800 JavaThread "Cache worker for Build Output Cleanup Cache (C:\Users\RAZVAN\IdeaProjects\MPP_L3\.gradle\buildOutputCleanup)" [_thread_blocked, id=21544, stack(0x000000b251e00000,0x000000b251f00000)]
  0x000001c9c3947800 JavaThread "Cache worker for file content cache (C:\Users\RAZVAN\IdeaProjects\MPP_L3\.gradle\5.2.1\fileContent)" [_thread_blocked, id=12992, stack(0x000000b251f00000,0x000000b252000000)]
  0x000001c9c394e000 JavaThread "Execution worker for ':'" [_thread_blocked, id=3584, stack(0x000000b252100000,0x000000b252200000)]
  0x000001c9c394d000 JavaThread "Execution worker for ':' Thread 2" [_thread_blocked, id=12476, stack(0x000000b252200000,0x000000b252300000)]
  0x000001c9c3949000 JavaThread "Execution worker for ':' Thread 3" [_thread_blocked, id=19584, stack(0x000000b252300000,0x000000b252400000)]
  0x000001c9c394e800 JavaThread "Execution worker for ':' Thread 4" [_thread_blocked, id=5084, stack(0x000000b252700000,0x000000b252800000)]
  0x000001c9c1b89000 JavaThread "Execution worker for ':' Thread 5" [_thread_blocked, id=16848, stack(0x000000b252900000,0x000000b252a00000)]
  0x000001c9c1b83800 JavaThread "Cache worker for execution history cache (C:\Users\RAZVAN\IdeaProjects\MPP_L3\.gradle\5.2.1\executionHistory)" [_thread_blocked, id=13756, stack(0x000000b252a00000,0x000000b252b00000)]
  0x000001c9c1b87800 JavaThread "Build operations" [_thread_blocked, id=5724, stack(0x000000b252b00000,0x000000b252c00000)]
  0x000001c9c2b13000 JavaThread "Build operations Thread 2" [_thread_blocked, id=23236, stack(0x000000b252c00000,0x000000b252d00000)]
  0x000001c9c2b12000 JavaThread "Build operations Thread 3" [_thread_blocked, id=17664, stack(0x000000b252d00000,0x000000b252e00000)]
  0x000001c9c2b14000 JavaThread "Build operations Thread 4" [_thread_blocked, id=21736, stack(0x000000b252e00000,0x000000b252f00000)]
  0x000001c9c2b14800 JavaThread "Build operations Thread 5" [_thread_blocked, id=21228, stack(0x000000b252f00000,0x000000b253000000)]
  0x000001c9c2b16000 JavaThread "Cache worker for Java compile cache (C:\Users\RAZVAN\.gradle\caches\5.2.1\javaCompile)" [_thread_blocked, id=24604, stack(0x000000b253000000,0x000000b253100000)]
  0x000001c9c2b15800 JavaThread "Cache worker for Java compile cache (C:\Users\RAZVAN\IdeaProjects\MPP_L3\.gradle\5.2.1\javaCompile)" [_thread_blocked, id=16396, stack(0x000000b253100000,0x000000b253200000)]
  0x000001c9c2b10800 JavaThread "Build operations Thread 6" [_thread_blocked, id=4896, stack(0x000000b253200000,0x000000b253300000)]
  0x000001c9c2b17000 JavaThread "Exec process" [_thread_in_native, id=20592, stack(0x000000b253400000,0x000000b253500000)]
  0x000001c9c2b11800 JavaThread "DisconnectableInputStream source reader" daemon [_thread_blocked, id=17488, stack(0x000000b253500000,0x000000b253600000)]
  0x000001c9c2b1b000 JavaThread "Exec process Thread 2" [_thread_blocked, id=2500, stack(0x000000b253600000,0x000000b253700000)]
  0x000001c9c2b1d000 JavaThread "Exec process Thread 3" [_thread_in_native, id=3152, stack(0x000000b253700000,0x000000b253800000)]
  0x000001c9c2b1a800 JavaThread "Exec process Thread 4" [_thread_in_native, id=20468, stack(0x000000b253800000,0x000000b253900000)]

Other Threads:
  0x000001c9bf2e0800 VMThread "VM Thread" [stack: 0x000000b250200000,0x000000b250300000] [id=19984]
  0x000001c9bfd7b800 WatcherThread [stack: 0x000000b250c00000,0x000000b250d00000] [id=21212]
  0x000001c9a8626000 GCTaskThread "GC Thread#0" [stack: 0x000000b24fd00000,0x000000b24fe00000] [id=26512]
  0x000001c9c082c000 GCTaskThread "GC Thread#1" [stack: 0x000000b250e00000,0x000000b250f00000] [id=7608]
  0x000001c9c07ed800 GCTaskThread "GC Thread#2" [stack: 0x000000b250f00000,0x000000b251000000] [id=19748]
  0x000001c9c07ee000 GCTaskThread "GC Thread#3" [stack: 0x000000b251000000,0x000000b251100000] [id=26168]
  0x000001c9c07ef000 GCTaskThread "GC Thread#4" [stack: 0x000000b251100000,0x000000b251200000] [id=16476]
  0x000001c9c06bc800 GCTaskThread "GC Thread#5" [stack: 0x000000b251200000,0x000000b251300000] [id=8316]
  0x000001c9a8637800 ConcurrentGCThread "G1 Main Marker" [stack: 0x000000b24fe00000,0x000000b24ff00000] [id=12724]
  0x000001c9a8639000 ConcurrentGCThread "G1 Conc#0" [stack: 0x000000b24ff00000,0x000000b250000000] [id=6888]
  0x000001c9c1d79800 ConcurrentGCThread "G1 Conc#1" [stack: 0x000000b252000000,0x000000b252100000] [id=19652]
  0x000001c9bf1a8800 ConcurrentGCThread "G1 Refine#0" [stack: 0x000000b250000000,0x000000b250100000] [id=25340]
  0x000001c9c1ed4000 ConcurrentGCThread "G1 Refine#1" [stack: 0x000000b252800000,0x000000b252900000] [id=8292]
  0x000001c9bf1a9000 ConcurrentGCThread "G1 Young RemSet Sampling" [stack: 0x000000b250100000,0x000000b250200000] [id=17228]

Threads with active compile tasks:
C2 CompilerThread03357728 6037       4       org.gradle.internal.dispatch.ProxyDispatchAdapter$DispatchingInvocationHandler::invoke (184 bytes)

VM state:not at safepoint (normal execution)

VM Mutex/Monitor currently owned by a thread: None

Heap address: 0x00000000e0000000, size: 512 MB, Compressed Oops mode: 32-bit
Narrow klass base: 0x0000000800000000, Narrow klass shift: 3
Compressed class space size: 260046848 Address: 0x0000000840000000

Heap:
 garbage-first heap   total 262144K, used 81817K [0x00000000e0000000, 0x0000000100000000)
  region size 1024K, 61 young (62464K), 11 survivors (11264K)
 Metaspace       used 48282K, capacity 49420K, committed 49712K, reserved 296960K
  class space    used 6615K, capacity 6983K, committed 7040K, reserved 253952K
Heap Regions: E=young(eden), S=young(survivor), O=old, HS=humongous(starts), HC=humongous(continues), CS=collection set, F=free, A=archive, TAMS=top-at-mark-start (previous, next)
|   0|0x00000000e0000000, 0x00000000e0100000, 0x00000000e0100000|100%|HS|  |TAMS 0x00000000e0100000, 0x00000000e0000000| Complete 
|   1|0x00000000e0100000, 0x00000000e0200000, 0x00000000e0200000|100%|HS|  |TAMS 0x00000000e0200000, 0x00000000e0100000| Complete 
|   2|0x00000000e0200000, 0x00000000e0300000, 0x00000000e0300000|100%|HC|  |TAMS 0x00000000e0300000, 0x00000000e0200000| Complete 
|   3|0x00000000e0300000, 0x00000000e0400000, 0x00000000e0400000|100%| O|  |TAMS 0x00000000e0400000, 0x00000000e0300000| Untracked 
|   4|0x00000000e0400000, 0x00000000e0500000, 0x00000000e0500000|100%| O|  |TAMS 0x00000000e0500000, 0x00000000e0400000| Untracked 
|   5|0x00000000e0500000, 0x00000000e0600000, 0x00000000e0600000|100%| O|  |TAMS 0x00000000e0500000, 0x00000000e0500000| Untracked 
|   6|0x00000000e0600000, 0x00000000e0700000, 0x00000000e0700000|100%| O|  |TAMS 0x00000000e0600000, 0x00000000e0600000| Untracked 
|   7|0x00000000e0700000, 0x00000000e0800000, 0x00000000e0800000|100%| O|  |TAMS 0x00000000e0700000, 0x00000000e0700000| Untracked 
|   8|0x00000000e0800000, 0x00000000e0900000, 0x00000000e0900000|100%| O|  |TAMS 0x00000000e0900000, 0x00000000e0800000| Untracked 
|   9|0x00000000e0900000, 0x00000000e0a00000, 0x00000000e0a00000|100%| O|  |TAMS 0x00000000e0a00000, 0x00000000e0900000| Untracked 
|  10|0x00000000e0a00000, 0x00000000e0b00000, 0x00000000e0b00000|100%| O|  |TAMS 0x00000000e0b00000, 0x00000000e0a00000| Untracked 
|  11|0x00000000e0b00000, 0x00000000e0c00000, 0x00000000e0c00000|100%| O|  |TAMS 0x00000000e0c00000, 0x00000000e0b00000| Untracked 
|  12|0x00000000e0c00000, 0x00000000e0d00000, 0x00000000e0d00000|100%| O|  |TAMS 0x00000000e0d00000, 0x00000000e0c00000| Untracked 
|  13|0x00000000e0d00000, 0x00000000e0e00000, 0x00000000e0e00000|100%| O|  |TAMS 0x00000000e0e00000, 0x00000000e0d00000| Untracked 
|  14|0x00000000e0e00000, 0x00000000e0f00000, 0x00000000e0f00000|100%| O|  |TAMS 0x00000000e0f00000, 0x00000000e0e00000| Untracked 
|  15|0x00000000e0f00000, 0x00000000e1000000, 0x00000000e1000000|100%| O|  |TAMS 0x00000000e1000000, 0x00000000e0f00000| Untracked 
|  16|0x00000000e1000000, 0x00000000e1100000, 0x00000000e1100000|100%| O|  |TAMS 0x00000000e1100000, 0x00000000e1000000| Untracked 
|  17|0x00000000e1100000, 0x00000000e1200000, 0x00000000e1200000|100%| O|  |TAMS 0x00000000e1200000, 0x00000000e1100000| Untracked 
|  18|0x00000000e1200000, 0x00000000e1300000, 0x00000000e1300000|100%| O|  |TAMS 0x00000000e1300000, 0x00000000e1200000| Untracked 
|  19|0x00000000e1300000, 0x00000000e1400000, 0x00000000e1400000|100%| O|  |TAMS 0x00000000e13d5c00, 0x00000000e1300000| Untracked 
|  20|0x00000000e1400000, 0x00000000e1461600, 0x00000000e1500000| 38%| O|  |TAMS 0x00000000e1400000, 0x00000000e1400000| Untracked 
|  21|0x00000000e1500000, 0x00000000e1500000, 0x00000000e1600000|  0%| F|  |TAMS 0x00000000e1500000, 0x00000000e1500000| Untracked 
|  22|0x00000000e1600000, 0x00000000e1600000, 0x00000000e1700000|  0%| F|  |TAMS 0x00000000e1600000, 0x00000000e1600000| Untracked 
|  23|0x00000000e1700000, 0x00000000e1700000, 0x00000000e1800000|  0%| F|  |TAMS 0x00000000e1700000, 0x00000000e1700000| Untracked 
|  24|0x00000000e1800000, 0x00000000e1800000, 0x00000000e1900000|  0%| F|  |TAMS 0x00000000e1800000, 0x00000000e1800000| Untracked 
|  25|0x00000000e1900000, 0x00000000e1900000, 0x00000000e1a00000|  0%| F|  |TAMS 0x00000000e1900000, 0x00000000e1900000| Untracked 
|  26|0x00000000e1a00000, 0x00000000e1a00000, 0x00000000e1b00000|  0%| F|  |TAMS 0x00000000e1a00000, 0x00000000e1a00000| Untracked 
|  27|0x00000000e1b00000, 0x00000000e1b00000, 0x00000000e1c00000|  0%| F|  |TAMS 0x00000000e1b00000, 0x00000000e1b00000| Untracked 
|  28|0x00000000e1c00000, 0x00000000e1c00000, 0x00000000e1d00000|  0%| F|  |TAMS 0x00000000e1c00000, 0x00000000e1c00000| Untracked 
|  29|0x00000000e1d00000, 0x00000000e1d00000, 0x00000000e1e00000|  0%| F|  |TAMS 0x00000000e1d00000, 0x00000000e1d00000| Untracked 
|  30|0x00000000e1e00000, 0x00000000e1e00000, 0x00000000e1f00000|  0%| F|  |TAMS 0x00000000e1e00000, 0x00000000e1e00000| Untracked 
|  31|0x00000000e1f00000, 0x00000000e1f00000, 0x00000000e2000000|  0%| F|  |TAMS 0x00000000e1f00000, 0x00000000e1f00000| Untracked 
|  32|0x00000000e2000000, 0x00000000e2000000, 0x00000000e2100000|  0%| F|  |TAMS 0x00000000e2000000, 0x00000000e2000000| Untracked 
|  33|0x00000000e2100000, 0x00000000e2100000, 0x00000000e2200000|  0%| F|  |TAMS 0x00000000e2100000, 0x00000000e2100000| Untracked 
|  34|0x00000000e2200000, 0x00000000e2200000, 0x00000000e2300000|  0%| F|  |TAMS 0x00000000e2200000, 0x00000000e2200000| Untracked 
|  35|0x00000000e2300000, 0x00000000e2300000, 0x00000000e2400000|  0%| F|  |TAMS 0x00000000e2300000, 0x00000000e2300000| Untracked 
|  36|0x00000000e2400000, 0x00000000e2400000, 0x00000000e2500000|  0%| F|  |TAMS 0x00000000e2400000, 0x00000000e2400000| Untracked 
|  37|0x00000000e2500000, 0x00000000e2500000, 0x00000000e2600000|  0%| F|  |TAMS 0x00000000e2500000, 0x00000000e2500000| Untracked 
|  38|0x00000000e2600000, 0x00000000e2600000, 0x00000000e2700000|  0%| F|  |TAMS 0x00000000e2600000, 0x00000000e2600000| Untracked 
|  39|0x00000000e2700000, 0x00000000e2700000, 0x00000000e2800000|  0%| F|  |TAMS 0x00000000e2700000, 0x00000000e2700000| Untracked 
|  40|0x00000000e2800000, 0x00000000e2800000, 0x00000000e2900000|  0%| F|  |TAMS 0x00000000e2800000, 0x00000000e2800000| Untracked 
|  41|0x00000000e2900000, 0x00000000e2900000, 0x00000000e2a00000|  0%| F|  |TAMS 0x00000000e2900000, 0x00000000e2900000| Untracked 
|  42|0x00000000e2a00000, 0x00000000e2a00000, 0x00000000e2b00000|  0%| F|  |TAMS 0x00000000e2a00000, 0x00000000e2a00000| Untracked 
|  43|0x00000000e2b00000, 0x00000000e2b00000, 0x00000000e2c00000|  0%| F|  |TAMS 0x00000000e2b00000, 0x00000000e2b00000| Untracked 
|  44|0x00000000e2c00000, 0x00000000e2c00000, 0x00000000e2d00000|  0%| F|  |TAMS 0x00000000e2c00000, 0x00000000e2c00000| Untracked 
|  45|0x00000000e2d00000, 0x00000000e2d00000, 0x00000000e2e00000|  0%| F|  |TAMS 0x00000000e2d00000, 0x00000000e2d00000| Untracked 
|  46|0x00000000e2e00000, 0x00000000e2e00000, 0x00000000e2f00000|  0%| F|  |TAMS 0x00000000e2e00000, 0x00000000e2e00000| Untracked 
|  47|0x00000000e2f00000, 0x00000000e2f00000, 0x00000000e3000000|  0%| F|  |TAMS 0x00000000e2f00000, 0x00000000e2f00000| Untracked 
|  48|0x00000000e3000000, 0x00000000e3000000, 0x00000000e3100000|  0%| F|  |TAMS 0x00000000e3000000, 0x00000000e3000000| Untracked 
|  49|0x00000000e3100000, 0x00000000e3100000, 0x00000000e3200000|  0%| F|  |TAMS 0x00000000e3100000, 0x00000000e3100000| Untracked 
|  50|0x00000000e3200000, 0x00000000e3200000, 0x00000000e3300000|  0%| F|  |TAMS 0x00000000e3200000, 0x00000000e3200000| Untracked 
|  51|0x00000000e3300000, 0x00000000e3300000, 0x00000000e3400000|  0%| F|  |TAMS 0x00000000e3300000, 0x00000000e3300000| Untracked 
|  52|0x00000000e3400000, 0x00000000e3400000, 0x00000000e3500000|  0%| F|  |TAMS 0x00000000e3400000, 0x00000000e3400000| Untracked 
|  53|0x00000000e3500000, 0x00000000e3500000, 0x00000000e3600000|  0%| F|  |TAMS 0x00000000e3500000, 0x00000000e3500000| Untracked 
|  54|0x00000000e3600000, 0x00000000e3600000, 0x00000000e3700000|  0%| F|  |TAMS 0x00000000e3600000, 0x00000000e3600000| Untracked 
|  55|0x00000000e3700000, 0x00000000e3700000, 0x00000000e3800000|  0%| F|  |TAMS 0x00000000e3700000, 0x00000000e3700000| Untracked 
|  56|0x00000000e3800000, 0x00000000e3800000, 0x00000000e3900000|  0%| F|  |TAMS 0x00000000e3800000, 0x00000000e3800000| Untracked 
|  57|0x00000000e3900000, 0x00000000e3900000, 0x00000000e3a00000|  0%| F|  |TAMS 0x00000000e3900000, 0x00000000e3900000| Untracked 
|  58|0x00000000e3a00000, 0x00000000e3a00000, 0x00000000e3b00000|  0%| F|  |TAMS 0x00000000e3a00000, 0x00000000e3a00000| Untracked 
|  59|0x00000000e3b00000, 0x00000000e3b00000, 0x00000000e3c00000|  0%| F|  |TAMS 0x00000000e3b00000, 0x00000000e3b00000| Untracked 
|  60|0x00000000e3c00000, 0x00000000e3c00000, 0x00000000e3d00000|  0%| F|  |TAMS 0x00000000e3c00000, 0x00000000e3c00000| Untracked 
|  61|0x00000000e3d00000, 0x00000000e3d00000, 0x00000000e3e00000|  0%| F|  |TAMS 0x00000000e3d00000, 0x00000000e3d00000| Untracked 
|  62|0x00000000e3e00000, 0x00000000e3e00000, 0x00000000e3f00000|  0%| F|  |TAMS 0x00000000e3e00000, 0x00000000e3e00000| Untracked 
|  63|0x00000000e3f00000, 0x00000000e3f00000, 0x00000000e4000000|  0%| F|  |TAMS 0x00000000e3f00000, 0x00000000e3f00000| Untracked 
|  64|0x00000000e4000000, 0x00000000e4000000, 0x00000000e4100000|  0%| F|  |TAMS 0x00000000e4000000, 0x00000000e4000000| Untracked 
|  65|0x00000000e4100000, 0x00000000e4100000, 0x00000000e4200000|  0%| F|  |TAMS 0x00000000e4100000, 0x00000000e4100000| Untracked 
|  66|0x00000000e4200000, 0x00000000e4200000, 0x00000000e4300000|  0%| F|  |TAMS 0x00000000e4200000, 0x00000000e4200000| Untracked 
|  67|0x00000000e4300000, 0x00000000e4300000, 0x00000000e4400000|  0%| F|  |TAMS 0x00000000e4300000, 0x00000000e4300000| Untracked 
|  68|0x00000000e4400000, 0x00000000e4400000, 0x00000000e4500000|  0%| F|  |TAMS 0x00000000e4400000, 0x00000000e4400000| Untracked 
|  69|0x00000000e4500000, 0x00000000e4500000, 0x00000000e4600000|  0%| F|  |TAMS 0x00000000e4500000, 0x00000000e4500000| Untracked 
|  70|0x00000000e4600000, 0x00000000e4600000, 0x00000000e4700000|  0%| F|  |TAMS 0x00000000e4600000, 0x00000000e4600000| Untracked 
|  71|0x00000000e4700000, 0x00000000e4700000, 0x00000000e4800000|  0%| F|  |TAMS 0x00000000e4700000, 0x00000000e4700000| Untracked 
|  72|0x00000000e4800000, 0x00000000e4800000, 0x00000000e4900000|  0%| F|  |TAMS 0x00000000e4800000, 0x00000000e4800000| Untracked 
|  73|0x00000000e4900000, 0x00000000e4900000, 0x00000000e4a00000|  0%| F|  |TAMS 0x00000000e4900000, 0x00000000e4900000| Untracked 
|  74|0x00000000e4a00000, 0x00000000e4a00000, 0x00000000e4b00000|  0%| F|  |TAMS 0x00000000e4a00000, 0x00000000e4a00000| Untracked 
|  75|0x00000000e4b00000, 0x00000000e4b00000, 0x00000000e4c00000|  0%| F|  |TAMS 0x00000000e4b00000, 0x00000000e4b00000| Untracked 
|  76|0x00000000e4c00000, 0x00000000e4c00000, 0x00000000e4d00000|  0%| F|  |TAMS 0x00000000e4c00000, 0x00000000e4c00000| Untracked 
|  77|0x00000000e4d00000, 0x00000000e4d00000, 0x00000000e4e00000|  0%| F|  |TAMS 0x00000000e4d00000, 0x00000000e4d00000| Untracked 
|  78|0x00000000e4e00000, 0x00000000e4e00000, 0x00000000e4f00000|  0%| F|  |TAMS 0x00000000e4e00000, 0x00000000e4e00000| Untracked 
|  79|0x00000000e4f00000, 0x00000000e4f00000, 0x00000000e5000000|  0%| F|  |TAMS 0x00000000e4f00000, 0x00000000e4f00000| Untracked 
|  80|0x00000000e5000000, 0x00000000e5000000, 0x00000000e5100000|  0%| F|  |TAMS 0x00000000e5000000, 0x00000000e5000000| Untracked 
|  81|0x00000000e5100000, 0x00000000e5100000, 0x00000000e5200000|  0%| F|  |TAMS 0x00000000e5100000, 0x00000000e5100000| Untracked 
|  82|0x00000000e5200000, 0x00000000e5200000, 0x00000000e5300000|  0%| F|  |TAMS 0x00000000e5200000, 0x00000000e5200000| Untracked 
|  83|0x00000000e5300000, 0x00000000e5300000, 0x00000000e5400000|  0%| F|  |TAMS 0x00000000e5300000, 0x00000000e5300000| Untracked 
|  84|0x00000000e5400000, 0x00000000e5400000, 0x00000000e5500000|  0%| F|  |TAMS 0x00000000e5400000, 0x00000000e5400000| Untracked 
|  85|0x00000000e5500000, 0x00000000e5500000, 0x00000000e5600000|  0%| F|  |TAMS 0x00000000e5500000, 0x00000000e5500000| Untracked 
|  86|0x00000000e5600000, 0x00000000e5600000, 0x00000000e5700000|  0%| F|  |TAMS 0x00000000e5600000, 0x00000000e5600000| Untracked 
|  87|0x00000000e5700000, 0x00000000e5700000, 0x00000000e5800000|  0%| F|  |TAMS 0x00000000e5700000, 0x00000000e5700000| Untracked 
|  88|0x00000000e5800000, 0x00000000e5800000, 0x00000000e5900000|  0%| F|  |TAMS 0x00000000e5800000, 0x00000000e5800000| Untracked 
|  89|0x00000000e5900000, 0x00000000e5900000, 0x00000000e5a00000|  0%| F|  |TAMS 0x00000000e5900000, 0x00000000e5900000| Untracked 
|  90|0x00000000e5a00000, 0x00000000e5a00000, 0x00000000e5b00000|  0%| F|  |TAMS 0x00000000e5a00000, 0x00000000e5a00000| Untracked 
|  91|0x00000000e5b00000, 0x00000000e5b00000, 0x00000000e5c00000|  0%| F|  |TAMS 0x00000000e5b00000, 0x00000000e5b00000| Untracked 
|  92|0x00000000e5c00000, 0x00000000e5c00000, 0x00000000e5d00000|  0%| F|  |TAMS 0x00000000e5c00000, 0x00000000e5c00000| Untracked 
|  93|0x00000000e5d00000, 0x00000000e5d00000, 0x00000000e5e00000|  0%| F|  |TAMS 0x00000000e5d00000, 0x00000000e5d00000| Untracked 
|  94|0x00000000e5e00000, 0x00000000e5e00000, 0x00000000e5f00000|  0%| F|  |TAMS 0x00000000e5e00000, 0x00000000e5e00000| Untracked 
|  95|0x00000000e5f00000, 0x00000000e5f00000, 0x00000000e6000000|  0%| F|  |TAMS 0x00000000e5f00000, 0x00000000e5f00000| Untracked 
|  96|0x00000000e6000000, 0x00000000e6000000, 0x00000000e6100000|  0%| F|  |TAMS 0x00000000e6000000, 0x00000000e6000000| Untracked 
|  97|0x00000000e6100000, 0x00000000e6100000, 0x00000000e6200000|  0%| F|  |TAMS 0x00000000e6100000, 0x00000000e6100000| Untracked 
|  98|0x00000000e6200000, 0x00000000e6200000, 0x00000000e6300000|  0%| F|  |TAMS 0x00000000e6200000, 0x00000000e6200000| Untracked 
|  99|0x00000000e6300000, 0x00000000e6300000, 0x00000000e6400000|  0%| F|  |TAMS 0x00000000e6300000, 0x00000000e6300000| Untracked 
| 100|0x00000000e6400000, 0x00000000e6400000, 0x00000000e6500000|  0%| F|  |TAMS 0x00000000e6400000, 0x00000000e6400000| Untracked 
| 101|0x00000000e6500000, 0x00000000e6500000, 0x00000000e6600000|  0%| F|  |TAMS 0x00000000e6500000, 0x00000000e6500000| Untracked 
| 102|0x00000000e6600000, 0x00000000e6600000, 0x00000000e6700000|  0%| F|  |TAMS 0x00000000e6600000, 0x00000000e6600000| Untracked 
| 103|0x00000000e6700000, 0x00000000e6700000, 0x00000000e6800000|  0%| F|  |TAMS 0x00000000e6700000, 0x00000000e6700000| Untracked 
| 104|0x00000000e6800000, 0x00000000e6800000, 0x00000000e6900000|  0%| F|  |TAMS 0x00000000e6800000, 0x00000000e6800000| Untracked 
| 105|0x00000000e6900000, 0x00000000e6900000, 0x00000000e6a00000|  0%| F|  |TAMS 0x00000000e6900000, 0x00000000e6900000| Untracked 
| 106|0x00000000e6a00000, 0x00000000e6a00000, 0x00000000e6b00000|  0%| F|  |TAMS 0x00000000e6a00000, 0x00000000e6a00000| Untracked 
| 107|0x00000000e6b00000, 0x00000000e6b00000, 0x00000000e6c00000|  0%| F|  |TAMS 0x00000000e6b00000, 0x00000000e6b00000| Untracked 
| 108|0x00000000e6c00000, 0x00000000e6c00000, 0x00000000e6d00000|  0%| F|  |TAMS 0x00000000e6c00000, 0x00000000e6c00000| Untracked 
| 109|0x00000000e6d00000, 0x00000000e6d00000, 0x00000000e6e00000|  0%| F|  |TAMS 0x00000000e6d00000, 0x00000000e6d00000| Untracked 
| 110|0x00000000e6e00000, 0x00000000e6e00000, 0x00000000e6f00000|  0%| F|  |TAMS 0x00000000e6e00000, 0x00000000e6e00000| Untracked 
| 111|0x00000000e6f00000, 0x00000000e6f00000, 0x00000000e7000000|  0%| F|  |TAMS 0x00000000e6f00000, 0x00000000e6f00000| Untracked 
| 112|0x00000000e7000000, 0x00000000e7000000, 0x00000000e7100000|  0%| F|  |TAMS 0x00000000e7000000, 0x00000000e7000000| Untracked 
| 113|0x00000000e7100000, 0x00000000e7100000, 0x00000000e7200000|  0%| F|  |TAMS 0x00000000e7100000, 0x00000000e7100000| Untracked 
| 114|0x00000000e7200000, 0x00000000e7200000, 0x00000000e7300000|  0%| F|  |TAMS 0x00000000e7200000, 0x00000000e7200000| Untracked 
| 115|0x00000000e7300000, 0x00000000e7300000, 0x00000000e7400000|  0%| F|  |TAMS 0x00000000e7300000, 0x00000000e7300000| Untracked 
| 116|0x00000000e7400000, 0x00000000e7400000, 0x00000000e7500000|  0%| F|  |TAMS 0x00000000e7400000, 0x00000000e7400000| Untracked 
| 117|0x00000000e7500000, 0x00000000e7500000, 0x00000000e7600000|  0%| F|  |TAMS 0x00000000e7500000, 0x00000000e7500000| Untracked 
| 118|0x00000000e7600000, 0x00000000e7600000, 0x00000000e7700000|  0%| F|  |TAMS 0x00000000e7600000, 0x00000000e7600000| Untracked 
| 119|0x00000000e7700000, 0x00000000e7700000, 0x00000000e7800000|  0%| F|  |TAMS 0x00000000e7700000, 0x00000000e7700000| Untracked 
| 120|0x00000000e7800000, 0x00000000e7800000, 0x00000000e7900000|  0%| F|  |TAMS 0x00000000e7800000, 0x00000000e7800000| Untracked 
| 121|0x00000000e7900000, 0x00000000e7900000, 0x00000000e7a00000|  0%| F|  |TAMS 0x00000000e7900000, 0x00000000e7900000| Untracked 
| 122|0x00000000e7a00000, 0x00000000e7a00000, 0x00000000e7b00000|  0%| F|  |TAMS 0x00000000e7a00000, 0x00000000e7a00000| Untracked 
| 123|0x00000000e7b00000, 0x00000000e7b00000, 0x00000000e7c00000|  0%| F|  |TAMS 0x00000000e7b00000, 0x00000000e7b00000| Untracked 
| 124|0x00000000e7c00000, 0x00000000e7c00000, 0x00000000e7d00000|  0%| F|  |TAMS 0x00000000e7c00000, 0x00000000e7c00000| Untracked 
| 125|0x00000000e7d00000, 0x00000000e7d00000, 0x00000000e7e00000|  0%| F|  |TAMS 0x00000000e7d00000, 0x00000000e7d00000| Untracked 
| 126|0x00000000e7e00000, 0x00000000e7e00000, 0x00000000e7f00000|  0%| F|  |TAMS 0x00000000e7e00000, 0x00000000e7e00000| Untracked 
| 127|0x00000000e7f00000, 0x00000000e7f00000, 0x00000000e8000000|  0%| F|  |TAMS 0x00000000e7f00000, 0x00000000e7f00000| Untracked 
| 128|0x00000000e8000000, 0x00000000e8000000, 0x00000000e8100000|  0%| F|  |TAMS 0x00000000e8000000, 0x00000000e8000000| Untracked 
| 129|0x00000000e8100000, 0x00000000e8100000, 0x00000000e8200000|  0%| F|  |TAMS 0x00000000e8100000, 0x00000000e8100000| Untracked 
| 130|0x00000000e8200000, 0x00000000e8200000, 0x00000000e8300000|  0%| F|  |TAMS 0x00000000e8200000, 0x00000000e8200000| Untracked 
| 131|0x00000000e8300000, 0x00000000e8300000, 0x00000000e8400000|  0%| F|  |TAMS 0x00000000e8300000, 0x00000000e8300000| Untracked 
| 132|0x00000000e8400000, 0x00000000e8400000, 0x00000000e8500000|  0%| F|  |TAMS 0x00000000e8400000, 0x00000000e8400000| Untracked 
| 133|0x00000000e8500000, 0x00000000e8500000, 0x00000000e8600000|  0%| F|  |TAMS 0x00000000e8500000, 0x00000000e8500000| Untracked 
| 134|0x00000000e8600000, 0x00000000e8600000, 0x00000000e8700000|  0%| F|  |TAMS 0x00000000e8600000, 0x00000000e8600000| Untracked 
| 135|0x00000000e8700000, 0x00000000e8700000, 0x00000000e8800000|  0%| F|  |TAMS 0x00000000e8700000, 0x00000000e8700000| Untracked 
| 136|0x00000000e8800000, 0x00000000e8800000, 0x00000000e8900000|  0%| F|  |TAMS 0x00000000e8800000, 0x00000000e8800000| Untracked 
| 137|0x00000000e8900000, 0x00000000e8900000, 0x00000000e8a00000|  0%| F|  |TAMS 0x00000000e8900000, 0x00000000e8900000| Untracked 
| 138|0x00000000e8a00000, 0x00000000e8a850a0, 0x00000000e8b00000| 51%| S|CS|TAMS 0x00000000e8a00000, 0x00000000e8a00000| Complete 
| 139|0x00000000e8b00000, 0x00000000e8c00000, 0x00000000e8c00000|100%| S|CS|TAMS 0x00000000e8b00000, 0x00000000e8b00000| Complete 
| 140|0x00000000e8c00000, 0x00000000e8d00000, 0x00000000e8d00000|100%| S|CS|TAMS 0x00000000e8c00000, 0x00000000e8c00000| Complete 
| 141|0x00000000e8d00000, 0x00000000e8e00000, 0x00000000e8e00000|100%| S|CS|TAMS 0x00000000e8d00000, 0x00000000e8d00000| Complete 
| 142|0x00000000e8e00000, 0x00000000e8f00000, 0x00000000e8f00000|100%| S|CS|TAMS 0x00000000e8e00000, 0x00000000e8e00000| Complete 
| 143|0x00000000e8f00000, 0x00000000e9000000, 0x00000000e9000000|100%| S|CS|TAMS 0x00000000e8f00000, 0x00000000e8f00000| Complete 
| 144|0x00000000e9000000, 0x00000000e9100000, 0x00000000e9100000|100%| S|CS|TAMS 0x00000000e9000000, 0x00000000e9000000| Complete 
| 145|0x00000000e9100000, 0x00000000e9200000, 0x00000000e9200000|100%| S|CS|TAMS 0x00000000e9100000, 0x00000000e9100000| Complete 
| 146|0x00000000e9200000, 0x00000000e9300000, 0x00000000e9300000|100%| S|CS|TAMS 0x00000000e9200000, 0x00000000e9200000| Complete 
| 147|0x00000000e9300000, 0x00000000e9400000, 0x00000000e9400000|100%| S|CS|TAMS 0x00000000e9300000, 0x00000000e9300000| Complete 
| 148|0x00000000e9400000, 0x00000000e9500000, 0x00000000e9500000|100%| S|CS|TAMS 0x00000000e9400000, 0x00000000e9400000| Complete 
| 149|0x00000000e9500000, 0x00000000e9500000, 0x00000000e9600000|  0%| F|  |TAMS 0x00000000e9500000, 0x00000000e9500000| Untracked 
| 150|0x00000000e9600000, 0x00000000e9600000, 0x00000000e9700000|  0%| F|  |TAMS 0x00000000e9600000, 0x00000000e9600000| Untracked 
| 151|0x00000000e9700000, 0x00000000e9700000, 0x00000000e9800000|  0%| F|  |TAMS 0x00000000e9700000, 0x00000000e9700000| Untracked 
| 152|0x00000000e9800000, 0x00000000e9800000, 0x00000000e9900000|  0%| F|  |TAMS 0x00000000e9800000, 0x00000000e9800000| Untracked 
| 153|0x00000000e9900000, 0x00000000e9900000, 0x00000000e9a00000|  0%| F|  |TAMS 0x00000000e9900000, 0x00000000e9900000| Untracked 
| 154|0x00000000e9a00000, 0x00000000e9a00000, 0x00000000e9b00000|  0%| F|  |TAMS 0x00000000e9a00000, 0x00000000e9a00000| Untracked 
| 155|0x00000000e9b00000, 0x00000000e9b00000, 0x00000000e9c00000|  0%| F|  |TAMS 0x00000000e9b00000, 0x00000000e9b00000| Untracked 
| 156|0x00000000e9c00000, 0x00000000e9c00000, 0x00000000e9d00000|  0%| F|  |TAMS 0x00000000e9c00000, 0x00000000e9c00000| Untracked 
| 157|0x00000000e9d00000, 0x00000000e9d00000, 0x00000000e9e00000|  0%| F|  |TAMS 0x00000000e9d00000, 0x00000000e9d00000| Untracked 
| 158|0x00000000e9e00000, 0x00000000e9e00000, 0x00000000e9f00000|  0%| F|  |TAMS 0x00000000e9e00000, 0x00000000e9e00000| Untracked 
| 159|0x00000000e9f00000, 0x00000000e9f00000, 0x00000000ea000000|  0%| F|  |TAMS 0x00000000e9f00000, 0x00000000e9f00000| Untracked 
| 160|0x00000000ea000000, 0x00000000ea000000, 0x00000000ea100000|  0%| F|  |TAMS 0x00000000ea000000, 0x00000000ea000000| Untracked 
| 161|0x00000000ea100000, 0x00000000ea100000, 0x00000000ea200000|  0%| F|  |TAMS 0x00000000ea100000, 0x00000000ea100000| Untracked 
| 162|0x00000000ea200000, 0x00000000ea200000, 0x00000000ea300000|  0%| F|  |TAMS 0x00000000ea200000, 0x00000000ea200000| Untracked 
| 163|0x00000000ea300000, 0x00000000ea300000, 0x00000000ea400000|  0%| F|  |TAMS 0x00000000ea300000, 0x00000000ea300000| Untracked 
| 164|0x00000000ea400000, 0x00000000ea400000, 0x00000000ea500000|  0%| F|  |TAMS 0x00000000ea400000, 0x00000000ea400000| Untracked 
| 165|0x00000000ea500000, 0x00000000ea500000, 0x00000000ea600000|  0%| F|  |TAMS 0x00000000ea500000, 0x00000000ea500000| Untracked 
| 166|0x00000000ea600000, 0x00000000ea600000, 0x00000000ea700000|  0%| F|  |TAMS 0x00000000ea600000, 0x00000000ea600000| Untracked 
| 167|0x00000000ea700000, 0x00000000ea700000, 0x00000000ea800000|  0%| F|  |TAMS 0x00000000ea700000, 0x00000000ea700000| Untracked 
| 168|0x00000000ea800000, 0x00000000ea800000, 0x00000000ea900000|  0%| F|  |TAMS 0x00000000ea800000, 0x00000000ea800000| Untracked 
| 169|0x00000000ea900000, 0x00000000ea900000, 0x00000000eaa00000|  0%| F|  |TAMS 0x00000000ea900000, 0x00000000ea900000| Untracked 
| 170|0x00000000eaa00000, 0x00000000eaa00000, 0x00000000eab00000|  0%| F|  |TAMS 0x00000000eaa00000, 0x00000000eaa00000| Untracked 
| 171|0x00000000eab00000, 0x00000000eab00000, 0x00000000eac00000|  0%| F|  |TAMS 0x00000000eab00000, 0x00000000eab00000| Untracked 
| 172|0x00000000eac00000, 0x00000000eac00000, 0x00000000ead00000|  0%| F|  |TAMS 0x00000000eac00000, 0x00000000eac00000| Untracked 
| 173|0x00000000ead00000, 0x00000000ead00000, 0x00000000eae00000|  0%| F|  |TAMS 0x00000000ead00000, 0x00000000ead00000| Untracked 
| 174|0x00000000eae00000, 0x00000000eae00000, 0x00000000eaf00000|  0%| F|  |TAMS 0x00000000eae00000, 0x00000000eae00000| Untracked 
| 175|0x00000000eaf00000, 0x00000000eaf00000, 0x00000000eb000000|  0%| F|  |TAMS 0x00000000eaf00000, 0x00000000eaf00000| Untracked 
| 176|0x00000000eb000000, 0x00000000eb000000, 0x00000000eb100000|  0%| F|  |TAMS 0x00000000eb000000, 0x00000000eb000000| Untracked 
| 177|0x00000000eb100000, 0x00000000eb100000, 0x00000000eb200000|  0%| F|  |TAMS 0x00000000eb100000, 0x00000000eb100000| Untracked 
| 178|0x00000000eb200000, 0x00000000eb200000, 0x00000000eb300000|  0%| F|  |TAMS 0x00000000eb200000, 0x00000000eb200000| Untracked 
| 179|0x00000000eb300000, 0x00000000eb300000, 0x00000000eb400000|  0%| F|  |TAMS 0x00000000eb300000, 0x00000000eb300000| Untracked 
| 180|0x00000000eb400000, 0x00000000eb400000, 0x00000000eb500000|  0%| F|  |TAMS 0x00000000eb400000, 0x00000000eb400000| Untracked 
| 181|0x00000000eb500000, 0x00000000eb500000, 0x00000000eb600000|  0%| F|  |TAMS 0x00000000eb500000, 0x00000000eb500000| Untracked 
| 182|0x00000000eb600000, 0x00000000eb600000, 0x00000000eb700000|  0%| F|  |TAMS 0x00000000eb600000, 0x00000000eb600000| Untracked 
| 183|0x00000000eb700000, 0x00000000eb700000, 0x00000000eb800000|  0%| F|  |TAMS 0x00000000eb700000, 0x00000000eb700000| Untracked 
| 184|0x00000000eb800000, 0x00000000eb800000, 0x00000000eb900000|  0%| F|  |TAMS 0x00000000eb800000, 0x00000000eb800000| Untracked 
| 185|0x00000000eb900000, 0x00000000eb900000, 0x00000000eba00000|  0%| F|  |TAMS 0x00000000eb900000, 0x00000000eb900000| Untracked 
| 186|0x00000000eba00000, 0x00000000eba00000, 0x00000000ebb00000|  0%| F|  |TAMS 0x00000000eba00000, 0x00000000eba00000| Untracked 
| 187|0x00000000ebb00000, 0x00000000ebb00000, 0x00000000ebc00000|  0%| F|  |TAMS 0x00000000ebb00000, 0x00000000ebb00000| Untracked 
| 188|0x00000000ebc00000, 0x00000000ebc00000, 0x00000000ebd00000|  0%| F|  |TAMS 0x00000000ebc00000, 0x00000000ebc00000| Untracked 
| 189|0x00000000ebd00000, 0x00000000ebd00000, 0x00000000ebe00000|  0%| F|  |TAMS 0x00000000ebd00000, 0x00000000ebd00000| Untracked 
| 190|0x00000000ebe00000, 0x00000000ebe00000, 0x00000000ebf00000|  0%| F|  |TAMS 0x00000000ebe00000, 0x00000000ebe00000| Untracked 
| 191|0x00000000ebf00000, 0x00000000ebf00000, 0x00000000ec000000|  0%| F|  |TAMS 0x00000000ebf00000, 0x00000000ebf00000| Untracked 
| 192|0x00000000ec000000, 0x00000000ec000000, 0x00000000ec100000|  0%| F|  |TAMS 0x00000000ec000000, 0x00000000ec000000| Untracked 
| 193|0x00000000ec100000, 0x00000000ec100000, 0x00000000ec200000|  0%| F|  |TAMS 0x00000000ec100000, 0x00000000ec100000| Untracked 
| 194|0x00000000ec200000, 0x00000000ec200000, 0x00000000ec300000|  0%| F|  |TAMS 0x00000000ec200000, 0x00000000ec200000| Untracked 
| 195|0x00000000ec300000, 0x00000000ec300000, 0x00000000ec400000|  0%| F|  |TAMS 0x00000000ec300000, 0x00000000ec300000| Untracked 
| 196|0x00000000ec400000, 0x00000000ec400000, 0x00000000ec500000|  0%| F|  |TAMS 0x00000000ec400000, 0x00000000ec400000| Untracked 
| 197|0x00000000ec500000, 0x00000000ec500000, 0x00000000ec600000|  0%| F|  |TAMS 0x00000000ec500000, 0x00000000ec500000| Untracked 
| 198|0x00000000ec600000, 0x00000000ec600000, 0x00000000ec700000|  0%| F|  |TAMS 0x00000000ec600000, 0x00000000ec600000| Untracked 
| 199|0x00000000ec700000, 0x00000000ec700000, 0x00000000ec800000|  0%| F|  |TAMS 0x00000000ec700000, 0x00000000ec700000| Untracked 
| 200|0x00000000ec800000, 0x00000000ec800000, 0x00000000ec900000|  0%| F|  |TAMS 0x00000000ec800000, 0x00000000ec800000| Untracked 
| 201|0x00000000ec900000, 0x00000000ec900000, 0x00000000eca00000|  0%| F|  |TAMS 0x00000000ec900000, 0x00000000ec900000| Untracked 
| 202|0x00000000eca00000, 0x00000000eca00000, 0x00000000ecb00000|  0%| F|  |TAMS 0x00000000eca00000, 0x00000000eca00000| Untracked 
| 203|0x00000000ecb00000, 0x00000000ecb00000, 0x00000000ecc00000|  0%| F|  |TAMS 0x00000000ecb00000, 0x00000000ecb00000| Untracked 
| 204|0x00000000ecc00000, 0x00000000ecc00000, 0x00000000ecd00000|  0%| F|  |TAMS 0x00000000ecc00000, 0x00000000ecc00000| Untracked 
| 205|0x00000000ecd00000, 0x00000000ecd00000, 0x00000000ece00000|  0%| F|  |TAMS 0x00000000ecd00000, 0x00000000ecd00000| Untracked 
| 206|0x00000000ece00000, 0x00000000eceaad88, 0x00000000ecf00000| 66%| E|  |TAMS 0x00000000ece00000, 0x00000000ece00000| Complete 
| 207|0x00000000ecf00000, 0x00000000ed000000, 0x00000000ed000000|100%| E|CS|TAMS 0x00000000ecf00000, 0x00000000ecf00000| Complete 
| 208|0x00000000ed000000, 0x00000000ed100000, 0x00000000ed100000|100%| E|CS|TAMS 0x00000000ed000000, 0x00000000ed000000| Complete 
| 209|0x00000000ed100000, 0x00000000ed200000, 0x00000000ed200000|100%| E|CS|TAMS 0x00000000ed100000, 0x00000000ed100000| Complete 
| 210|0x00000000ed200000, 0x00000000ed300000, 0x00000000ed300000|100%| E|CS|TAMS 0x00000000ed200000, 0x00000000ed200000| Complete 
| 211|0x00000000ed300000, 0x00000000ed400000, 0x00000000ed400000|100%| E|CS|TAMS 0x00000000ed300000, 0x00000000ed300000| Complete 
| 212|0x00000000ed400000, 0x00000000ed500000, 0x00000000ed500000|100%| E|CS|TAMS 0x00000000ed400000, 0x00000000ed400000| Complete 
| 213|0x00000000ed500000, 0x00000000ed600000, 0x00000000ed600000|100%| E|CS|TAMS 0x00000000ed500000, 0x00000000ed500000| Complete 
| 214|0x00000000ed600000, 0x00000000ed700000, 0x00000000ed700000|100%| E|CS|TAMS 0x00000000ed600000, 0x00000000ed600000| Complete 
| 215|0x00000000ed700000, 0x00000000ed800000, 0x00000000ed800000|100%| E|CS|TAMS 0x00000000ed700000, 0x00000000ed700000| Complete 
| 216|0x00000000ed800000, 0x00000000ed900000, 0x00000000ed900000|100%| E|CS|TAMS 0x00000000ed800000, 0x00000000ed800000| Complete 
| 217|0x00000000ed900000, 0x00000000eda00000, 0x00000000eda00000|100%| E|CS|TAMS 0x00000000ed900000, 0x00000000ed900000| Complete 
| 218|0x00000000eda00000, 0x00000000edb00000, 0x00000000edb00000|100%| E|CS|TAMS 0x00000000eda00000, 0x00000000eda00000| Complete 
| 219|0x00000000edb00000, 0x00000000edc00000, 0x00000000edc00000|100%| E|CS|TAMS 0x00000000edb00000, 0x00000000edb00000| Complete 
| 220|0x00000000edc00000, 0x00000000edd00000, 0x00000000edd00000|100%| E|CS|TAMS 0x00000000edc00000, 0x00000000edc00000| Complete 
| 221|0x00000000edd00000, 0x00000000ede00000, 0x00000000ede00000|100%| E|CS|TAMS 0x00000000edd00000, 0x00000000edd00000| Complete 
| 222|0x00000000ede00000, 0x00000000edf00000, 0x00000000edf00000|100%| E|CS|TAMS 0x00000000ede00000, 0x00000000ede00000| Complete 
| 223|0x00000000edf00000, 0x00000000ee000000, 0x00000000ee000000|100%| E|CS|TAMS 0x00000000edf00000, 0x00000000edf00000| Complete 
| 224|0x00000000ee000000, 0x00000000ee100000, 0x00000000ee100000|100%| E|CS|TAMS 0x00000000ee000000, 0x00000000ee000000| Complete 
| 225|0x00000000ee100000, 0x00000000ee200000, 0x00000000ee200000|100%| E|CS|TAMS 0x00000000ee100000, 0x00000000ee100000| Complete 
| 226|0x00000000ee200000, 0x00000000ee300000, 0x00000000ee300000|100%| E|CS|TAMS 0x00000000ee200000, 0x00000000ee200000| Complete 
| 227|0x00000000ee300000, 0x00000000ee400000, 0x00000000ee400000|100%| E|CS|TAMS 0x00000000ee300000, 0x00000000ee300000| Complete 
| 228|0x00000000ee400000, 0x00000000ee500000, 0x00000000ee500000|100%| E|CS|TAMS 0x00000000ee400000, 0x00000000ee400000| Complete 
| 229|0x00000000ee500000, 0x00000000ee600000, 0x00000000ee600000|100%| E|CS|TAMS 0x00000000ee500000, 0x00000000ee500000| Complete 
| 230|0x00000000ee600000, 0x00000000ee700000, 0x00000000ee700000|100%| E|CS|TAMS 0x00000000ee600000, 0x00000000ee600000| Complete 
| 231|0x00000000ee700000, 0x00000000ee800000, 0x00000000ee800000|100%| E|CS|TAMS 0x00000000ee700000, 0x00000000ee700000| Complete 
| 232|0x00000000ee800000, 0x00000000ee900000, 0x00000000ee900000|100%| E|CS|TAMS 0x00000000ee800000, 0x00000000ee800000| Complete 
| 233|0x00000000ee900000, 0x00000000eea00000, 0x00000000eea00000|100%| E|CS|TAMS 0x00000000ee900000, 0x00000000ee900000| Complete 
| 234|0x00000000eea00000, 0x00000000eeb00000, 0x00000000eeb00000|100%| E|CS|TAMS 0x00000000eea00000, 0x00000000eea00000| Complete 
| 235|0x00000000eeb00000, 0x00000000eec00000, 0x00000000eec00000|100%| E|CS|TAMS 0x00000000eeb00000, 0x00000000eeb00000| Complete 
| 236|0x00000000eec00000, 0x00000000eed00000, 0x00000000eed00000|100%| E|CS|TAMS 0x00000000eec00000, 0x00000000eec00000| Complete 
| 237|0x00000000eed00000, 0x00000000eee00000, 0x00000000eee00000|100%| E|CS|TAMS 0x00000000eed00000, 0x00000000eed00000| Complete 
| 238|0x00000000eee00000, 0x00000000eef00000, 0x00000000eef00000|100%| E|CS|TAMS 0x00000000eee00000, 0x00000000eee00000| Complete 
| 239|0x00000000eef00000, 0x00000000ef000000, 0x00000000ef000000|100%| E|CS|TAMS 0x00000000eef00000, 0x00000000eef00000| Complete 
| 240|0x00000000ef000000, 0x00000000ef100000, 0x00000000ef100000|100%| E|CS|TAMS 0x00000000ef000000, 0x00000000ef000000| Complete 
| 241|0x00000000ef100000, 0x00000000ef200000, 0x00000000ef200000|100%| E|CS|TAMS 0x00000000ef100000, 0x00000000ef100000| Complete 
| 242|0x00000000ef200000, 0x00000000ef300000, 0x00000000ef300000|100%| E|CS|TAMS 0x00000000ef200000, 0x00000000ef200000| Complete 
| 243|0x00000000ef300000, 0x00000000ef400000, 0x00000000ef400000|100%| E|CS|TAMS 0x00000000ef300000, 0x00000000ef300000| Complete 
| 244|0x00000000ef400000, 0x00000000ef500000, 0x00000000ef500000|100%| E|CS|TAMS 0x00000000ef400000, 0x00000000ef400000| Complete 
| 245|0x00000000ef500000, 0x00000000ef600000, 0x00000000ef600000|100%| E|CS|TAMS 0x00000000ef500000, 0x00000000ef500000| Complete 
| 246|0x00000000ef600000, 0x00000000ef700000, 0x00000000ef700000|100%| E|CS|TAMS 0x00000000ef600000, 0x00000000ef600000| Complete 
| 247|0x00000000ef700000, 0x00000000ef800000, 0x00000000ef800000|100%| E|CS|TAMS 0x00000000ef700000, 0x00000000ef700000| Complete 
| 248|0x00000000ef800000, 0x00000000ef900000, 0x00000000ef900000|100%| E|CS|TAMS 0x00000000ef800000, 0x00000000ef800000| Complete 
| 249|0x00000000ef900000, 0x00000000efa00000, 0x00000000efa00000|100%| E|CS|TAMS 0x00000000ef900000, 0x00000000ef900000| Complete 
| 250|0x00000000efa00000, 0x00000000efb00000, 0x00000000efb00000|100%| E|CS|TAMS 0x00000000efa00000, 0x00000000efa00000| Complete 
| 251|0x00000000efb00000, 0x00000000efc00000, 0x00000000efc00000|100%| E|CS|TAMS 0x00000000efb00000, 0x00000000efb00000| Complete 
| 252|0x00000000efc00000, 0x00000000efd00000, 0x00000000efd00000|100%| E|CS|TAMS 0x00000000efc00000, 0x00000000efc00000| Complete 
| 253|0x00000000efd00000, 0x00000000efe00000, 0x00000000efe00000|100%| E|CS|TAMS 0x00000000efd00000, 0x00000000efd00000| Complete 
| 254|0x00000000efe00000, 0x00000000eff00000, 0x00000000eff00000|100%| E|CS|TAMS 0x00000000efe00000, 0x00000000efe00000| Complete 
| 255|0x00000000eff00000, 0x00000000f0000000, 0x00000000f0000000|100%| E|CS|TAMS 0x00000000eff00000, 0x00000000eff00000| Complete 

Card table byte_map: [0x000001c9bb8e0000,0x000001c9bb9e0000] _byte_map_base: 0x000001c9bb1e0000

Marking Bits (Prev, Next): (CMBitMap*) 0x000001c9a8634ab8, (CMBitMap*) 0x000001c9a8634af0
 Prev Bits: [0x000001c9bbae0000, 0x000001c9bc2e0000)
 Next Bits: [0x000001c9bc2e0000, 0x000001c9bcae0000)

Polling page: 0x000001c9a7de0000

Metaspace:

Usage:
  Non-class:     41.44 MB capacity,    40.69 MB ( 98%) used,   665.33 KB (  2%) free+waste,   104.38 KB ( <1%) overhead. 
      Class:      6.82 MB capacity,     6.46 MB ( 95%) used,   317.66 KB (  5%) free+waste,    49.75 KB ( <1%) overhead. 
       Both:     48.26 MB capacity,    47.15 MB ( 98%) used,   982.99 KB (  2%) free+waste,   154.13 KB ( <1%) overhead. 

Virtual space:
  Non-class space:       42.00 MB reserved,      41.67 MB (>99%) committed 
      Class space:      248.00 MB reserved,       6.88 MB (  3%) committed 
             Both:      290.00 MB reserved,      48.55 MB ( 17%) committed 

Chunk freelists:
   Non-Class:  43.00 KB
       Class:  25.00 KB
        Both:  68.00 KB

MaxMetaspaceSize: 256.00 MB
CompressedClassSpaceSize: 248.00 MB

CodeHeap 'non-profiled nmethods': size=120064Kb used=2620Kb max_used=3136Kb free=117443Kb
 bounds [0x000001c9b4190000, 0x000001c9b44b0000, 0x000001c9bb6d0000]
CodeHeap 'profiled nmethods': size=120000Kb used=11482Kb max_used=13264Kb free=108517Kb
 bounds [0x000001c9acc60000, 0x000001c9ad960000, 0x000001c9b4190000]
CodeHeap 'non-nmethods': size=5696Kb used=2256Kb max_used=2296Kb free=3439Kb
 bounds [0x000001c9ac6d0000, 0x000001c9ac940000, 0x000001c9acc60000]
 total_blobs=8615 nmethods=5230 adapters=738
 compilation: enabled
              stopped_count=0, restarted_count=0
 full_count=0

Compilation events (20 events):
Event: 3011.093 Thread 0x000001c9bf308000 nmethod 6027 0x000001c9accf4e10 code [0x000001c9accf50c0, 0x000001c9accf5fe0]
Event: 3191.052 Thread 0x000001c9bf304800 6028       4       java.util.HashSet::iterator (13 bytes)
Event: 3191.059 Thread 0x000001c9bf304800 nmethod 6028 0x000001c9b41d0510 code [0x000001c9b41d0700, 0x000001c9b41d0e58]
Event: 3264.242 Thread 0x000001c9bf308000 6029  s    1       java.net.DatagramPacket::getAddress (5 bytes)
Event: 3264.242 Thread 0x000001c9bf308000 nmethod 6029 0x000001c9b41ba610 code [0x000001c9b41ba7c0, 0x000001c9b41baa98]
Event: 3264.242 Thread 0x000001c9bf308000 6030       3       java.io.FileDescriptor$1::get (5 bytes)
Event: 3264.242 Thread 0x000001c9bf308000 nmethod 6030 0x000001c9acc67910 code [0x000001c9acc67ac0, 0x000001c9acc67c38]
Event: 3265.420 Thread 0x000001c9bf308000 6031       1       org.gradle.cache.internal.locklistener.DefaultFileLockContentionHandler::access$100 (5 bytes)
Event: 3265.420 Thread 0x000001c9bf308000 nmethod 6031 0x000001c9b41ba290 code [0x000001c9b41ba440, 0x000001c9b41ba538]
Event: 3265.454 Thread 0x000001c9bf308000 6032  s    1       java.net.DatagramPacket::getPort (5 bytes)
Event: 3265.455 Thread 0x000001c9bf308000 nmethod 6032 0x000001c9b41cdd10 code [0x000001c9b41cdec0, 0x000001c9b41ce198]
Event: 3266.047 Thread 0x000001c9bf308000 6033       1       org.gradle.cache.internal.locklistener.FileLockPacketPayload::getLockId (5 bytes)
Event: 3266.047 Thread 0x000001c9bf308000 nmethod 6033 0x000001c9b41d0190 code [0x000001c9b41d0340, 0x000001c9b41d0478]
Event: 3266.047 Thread 0x000001c9bf308000 6034       1       org.gradle.cache.internal.locklistener.DefaultFileLockContentionHandler::access$200 (5 bytes)
Event: 3266.047 Thread 0x000001c9bf308000 nmethod 6034 0x000001c9b41cfe10 code [0x000001c9b41cffc0, 0x000001c9b41d00b8]
Event: 3266.049 Thread 0x000001c9bf308000 6035       1       java.net.DatagramSocket::isBound (5 bytes)
Event: 3266.049 Thread 0x000001c9bf308000 nmethod 6035 0x000001c9b41cfa90 code [0x000001c9b41cfc40, 0x000001c9b41cfd78]
Event: 3266.096 Thread 0x000001c9bf308000 6036  s    1       java.net.DatagramPacket::getLength (5 bytes)
Event: 3266.096 Thread 0x000001c9bf308000 nmethod 6036 0x000001c9b41cf590 code [0x000001c9b41cf740, 0x000001c9b41cfa18]
Event: 3357.657 Thread 0x000001c9bf304800 6037       4       org.gradle.internal.dispatch.ProxyDispatchAdapter$DispatchingInvocationHandler::invoke (184 bytes)

GC Heap History (10 events):
Event: 0.304 GC heap before
{Heap before GC invocations=0 (full 0):
 garbage-first heap   total 262144K, used 24576K [0x00000000e0000000, 0x0000000100000000)
  region size 1024K, 22 young (22528K), 0 survivors (0K)
 Metaspace       used 3753K, capacity 6508K, committed 6656K, reserved 262144K
  class space    used 484K, capacity 765K, committed 768K, reserved 253952K
}
Event: 0.306 GC heap after
{Heap after GC invocations=1 (full 0):
 garbage-first heap   total 262144K, used 7405K [0x00000000e0000000, 0x0000000100000000)
  region size 1024K, 3 young (3072K), 3 survivors (3072K)
 Metaspace       used 3753K, capacity 6508K, committed 6656K, reserved 262144K
  class space    used 484K, capacity 765K, committed 768K, reserved 253952K
}
Event: 1.654 GC heap before
{Heap before GC invocations=1 (full 0):
 garbage-first heap   total 262144K, used 121069K [0x00000000e0000000, 0x0000000100000000)
  region size 1024K, 116 young (118784K), 3 survivors (3072K)
 Metaspace       used 20649K, capacity 21156K, committed 21296K, reserved 272384K
  class space    used 2927K, capacity 3117K, committed 3200K, reserved 253952K
}
Event: 1.661 GC heap after
{Heap after GC invocations=2 (full 0):
 garbage-first heap   total 262144K, used 17571K [0x00000000e0000000, 0x0000000100000000)
  region size 1024K, 13 young (13312K), 13 survivors (13312K)
 Metaspace       used 20649K, capacity 21156K, committed 21296K, reserved 272384K
  class space    used 2927K, capacity 3117K, committed 3200K, reserved 253952K
}
Event: 2.102 GC heap before
{Heap before GC invocations=3 (full 0):
 garbage-first heap   total 262144K, used 82083K [0x00000000e0000000, 0x0000000100000000)
  region size 1024K, 74 young (75776K), 13 survivors (13312K)
 Metaspace       used 28067K, capacity 28709K, committed 28848K, reserved 280576K
  class space    used 3867K, capacity 4095K, committed 4096K, reserved 253952K
}
Event: 2.108 GC heap after
{Heap after GC invocations=4 (full 0):
 garbage-first heap   total 262144K, used 21334K [0x00000000e0000000, 0x0000000100000000)
  region size 1024K, 4 young (4096K), 4 survivors (4096K)
 Metaspace       used 28067K, capacity 28709K, committed 28848K, reserved 280576K
  class space    used 3867K, capacity 4095K, committed 4096K, reserved 253952K
}
Event: 2.677 GC heap before
{Heap before GC invocations=4 (full 0):
 garbage-first heap   total 262144K, used 107350K [0x00000000e0000000, 0x0000000100000000)
  region size 1024K, 89 young (91136K), 4 survivors (4096K)
 Metaspace       used 34978K, capacity 35814K, committed 35888K, reserved 284672K
  class space    used 4940K, capacity 5212K, committed 5248K, reserved 253952K
}
Event: 2.687 GC heap after
{Heap after GC invocations=5 (full 0):
 garbage-first heap   total 262144K, used 27212K [0x00000000e0000000, 0x0000000100000000)
  region size 1024K, 10 young (10240K), 10 survivors (10240K)
 Metaspace       used 34978K, capacity 35814K, committed 35888K, reserved 284672K
  class space    used 4940K, capacity 5212K, committed 5248K, reserved 253952K
}
Event: 2362.045 GC heap before
{Heap before GC invocations=6 (full 0):
 garbage-first heap   total 262144K, used 125516K [0x00000000e0000000, 0x0000000100000000)
  region size 1024K, 107 young (109568K), 10 survivors (10240K)
 Metaspace       used 44488K, capacity 45519K, committed 45616K, reserved 294912K
  class space    used 6201K, capacity 6499K, committed 6528K, reserved 253952K
}
Event: 2362.086 GC heap after
{Heap after GC invocations=7 (full 0):
 garbage-first heap   total 262144K, used 31641K [0x00000000e0000000, 0x0000000100000000)
  region size 1024K, 11 young (11264K), 11 survivors (11264K)
 Metaspace       used 44488K, capacity 45519K, committed 45616K, reserved 294912K
  class space    used 6201K, capacity 6499K, committed 6528K, reserved 253952K
}

Deoptimization events (20 events):
Event: 2362.547 Thread 0x000001c9c394d000 DEOPT PACKING pc=0x000001c9b446f114 sp=0x000000b2522f7cc0
Event: 2362.547 Thread 0x000001c9c394d000 DEOPT UNPACKING pc=0x000001c9ac6f922f sp=0x000000b2522f7b48 mode 2
Event: 2362.547 Thread 0x000001c9c394d000 Uncommon trap: trap_request=0xffffffde fr.pc=0x000001c9b446f114 relative=0x0000000000004c94
Event: 2362.547 Thread 0x000001c9c394d000 Uncommon trap: reason=class_check action=maybe_recompile pc=0x000001c9b446f114 method=com.sun.tools.javadbUtils.getConnection().code.Symtab.lookupPackage(Lcom/sun/tools/javac/code/Symbol$ModuleSymbol;Lcom/sun/tools/javac/util/Name;)Lcom/sun/tools/javac/code/Symbol$PackageSymbo
Event: 2362.547 Thread 0x000001c9c394d000 DEOPT PACKING pc=0x000001c9b446f114 sp=0x000000b2522f7cc0
Event: 2362.547 Thread 0x000001c9c394d000 DEOPT UNPACKING pc=0x000001c9ac6f922f sp=0x000000b2522f7b48 mode 2
Event: 2362.590 Thread 0x000001c9c394d000 DEOPT PACKING pc=0x000001c9acdaf841 sp=0x000000b2522fa630
Event: 2362.590 Thread 0x000001c9c394d000 DEOPT UNPACKING pc=0x000001c9ac6f904e sp=0x000000b2522f9b28 mode 0
Event: 2362.673 Thread 0x000001c9c394b800 DEOPT PACKING pc=0x000001c9acc99fbc sp=0x000000b2517fe9c0
Event: 2362.673 Thread 0x000001c9c394b800 DEOPT UNPACKING pc=0x000001c9ac6f904e sp=0x000000b2517fddf8 mode 0
Event: 2376.769 Thread 0x000001c9c2b1d000 Uncommon trap: trap_request=0xffffff4d fr.pc=0x000001c9b4389bdc relative=0x0000000000000c7c
Event: 2376.769 Thread 0x000001c9c2b1d000 Uncommon trap: reason=unstable_if action=reinterpret pc=0x000001c9b4389bdc method=org.gradle.internal.logging.text.AbstractLineChoppingStyledTextOutput$2.execute(Lorg/gradle/internal/logging/text/AbstractLineChoppingStyledTextOutput$StateContext;)V @ 30 c
Event: 2376.769 Thread 0x000001c9c2b1d000 DEOPT PACKING pc=0x000001c9b4389bdc sp=0x000000b2537fe270
Event: 2376.769 Thread 0x000001c9c2b1d000 DEOPT UNPACKING pc=0x000001c9ac6f922f sp=0x000000b2537fe0a8 mode 2
Event: 2481.053 Thread 0x000001c9c132f800 DEOPT PACKING pc=0x000001c9ad88909b sp=0x000000b2513fdf90
Event: 2481.053 Thread 0x000001c9c132f800 DEOPT UNPACKING pc=0x000001c9ac6f904e sp=0x000000b2513fd400 mode 0
Event: 2742.656 Thread 0x000001c9c3943000 DEOPT PACKING pc=0x000001c9ad88909b sp=0x000000b2525fe850
Event: 2742.656 Thread 0x000001c9c3943000 DEOPT UNPACKING pc=0x000001c9ac6f904e sp=0x000000b2525fdcc0 mode 0
Event: 3007.657 Thread 0x000001c9c3943000 DEOPT PACKING pc=0x000001c9ad88909b sp=0x000000b2525fe850
Event: 3007.657 Thread 0x000001c9c3943000 DEOPT UNPACKING pc=0x000001c9ac6f904e sp=0x000000b2525fdcc0 mode 0

Classes redefined (0 events):
No events

Internal exceptions (20 events):
Event: 2362.360 Thread 0x000001c9c394d000 Exception <a 'sun/nio/fs/WindowsException'{0x00000000eefa87e8}> (0x00000000eefa87e8) thrown at [c:/BuildAgent/work/5ff2f6c26000d570/src/hotspot/share/prims/jni.cpp, line 615]
Event: 2362.360 Thread 0x000001c9c394d000 Exception <a 'sun/nio/fs/WindowsException'{0x00000000eefb0558}> (0x00000000eefb0558) thrown at [c:/BuildAgent/work/5ff2f6c26000d570/src/hotspot/share/prims/jni.cpp, line 615]
Event: 2362.360 Thread 0x000001c9c394d000 Exception <a 'sun/nio/fs/WindowsException'{0x00000000eefb0888}> (0x00000000eefb0888) thrown at [c:/BuildAgent/work/5ff2f6c26000d570/src/hotspot/share/prims/jni.cpp, line 615]
Event: 2362.371 Thread 0x000001c9c394d000 Exception <a 'sun/nio/fs/WindowsException'{0x00000000eee8bbc8}> (0x00000000eee8bbc8) thrown at [c:/BuildAgent/work/5ff2f6c26000d570/src/hotspot/share/prims/jni.cpp, line 615]
Event: 2362.377 Thread 0x000001c9c394d000 Exception <a 'sun/nio/fs/WindowsException'{0x00000000eee997a0}> (0x00000000eee997a0) thrown at [c:/BuildAgent/work/5ff2f6c26000d570/src/hotspot/share/prims/jni.cpp, line 615]
Event: 2362.379 Thread 0x000001c9c394d000 Exception <a 'sun/nio/fs/WindowsException'{0x00000000eeea3930}> (0x00000000eeea3930) thrown at [c:/BuildAgent/work/5ff2f6c26000d570/src/hotspot/share/prims/jni.cpp, line 615]
Event: 2362.379 Thread 0x000001c9c394d000 Exception <a 'sun/nio/fs/WindowsException'{0x00000000eeea3be8}> (0x00000000eeea3be8) thrown at [c:/BuildAgent/work/5ff2f6c26000d570/src/hotspot/share/prims/jni.cpp, line 615]
Event: 2362.471 Thread 0x000001c9c394d000 Exception <a 'sun/nio/fs/WindowsException'{0x00000000ee278760}> (0x00000000ee278760) thrown at [c:/BuildAgent/work/5ff2f6c26000d570/src/hotspot/share/prims/jni.cpp, line 615]
Event: 2362.471 Thread 0x000001c9c394d000 Exception <a 'sun/nio/fs/WindowsException'{0x00000000ee278ab0}> (0x00000000ee278ab0) thrown at [c:/BuildAgent/work/5ff2f6c26000d570/src/hotspot/share/prims/jni.cpp, line 615]
Event: 2362.486 Thread 0x000001c9c394d000 Exception <a 'sun/nio/fs/WindowsException'{0x00000000ee2ff370}> (0x00000000ee2ff370) thrown at [c:/BuildAgent/work/5ff2f6c26000d570/src/hotspot/share/prims/jni.cpp, line 615]
Event: 2362.486 Thread 0x000001c9c394d000 Exception <a 'sun/nio/fs/WindowsException'{0x00000000ee2ff6d0}> (0x00000000ee2ff6d0) thrown at [c:/BuildAgent/work/5ff2f6c26000d570/src/hotspot/share/prims/jni.cpp, line 615]
Event: 2362.570 Thread 0x000001c9c394d000 Exception <a 'sun/nio/fs/WindowsException'{0x00000000edfdcce0}> (0x00000000edfdcce0) thrown at [c:/BuildAgent/work/5ff2f6c26000d570/src/hotspot/share/prims/jni.cpp, line 615]
Event: 2362.570 Thread 0x000001c9c394d000 Exception <a 'sun/nio/fs/WindowsException'{0x00000000edfddbe0}> (0x00000000edfddbe0) thrown at [c:/BuildAgent/work/5ff2f6c26000d570/src/hotspot/share/prims/jni.cpp, line 615]
Event: 2362.590 Thread 0x000001c9c394d000 Exception <a 'sun/nio/fs/WindowsException'{0x00000000ede96d80}> (0x00000000ede96d80) thrown at [c:/BuildAgent/work/5ff2f6c26000d570/src/hotspot/share/prims/jni.cpp, line 615]
Event: 2362.606 Thread 0x000001c9c394d000 Exception <a 'java/lang/NoSuchMethodError'{0x00000000edca4950}: 'int java.lang.invoke.DirectMethodHandle$Holder.invokeVirtual(java.lang.Object, java.lang.Object, java.lang.Object, java.lang.Object)'> (0x00000000edca4950) thrown at [c:/BuildAgent/work/5ff2
Event: 2362.607 Thread 0x000001c9c394d000 Exception <a 'java/lang/NoSuchMethodError'{0x00000000edcb26a0}: 'java.lang.Object java.lang.invoke.DirectMethodHandle$Holder.invokeStatic(java.lang.Object, java.lang.Object, int, java.lang.Object)'> (0x00000000edcb26a0) thrown at [c:/BuildAgent/work/5ff2f
Event: 2362.608 Thread 0x000001c9c394d000 Exception <a 'java/lang/NoSuchMethodError'{0x00000000edcb9c18}: 'java.lang.Object java.lang.invoke.Invokers$Holder.linkToTargetMethod(java.lang.Object, int, java.lang.Object, java.lang.Object)'> (0x00000000edcb9c18) thrown at [c:/BuildAgent/work/5ff2f6c26
Event: 2362.636 Thread 0x000001c9c394d000 Exception <a 'sun/nio/fs/WindowsException'{0x00000000ed967008}> (0x00000000ed967008) thrown at [c:/BuildAgent/work/5ff2f6c26000d570/src/hotspot/share/prims/jni.cpp, line 615]
Event: 2362.636 Thread 0x000001c9c394d000 Exception <a 'sun/nio/fs/WindowsException'{0x00000000ed967f08}> (0x00000000ed967f08) thrown at [c:/BuildAgent/work/5ff2f6c26000d570/src/hotspot/share/prims/jni.cpp, line 615]
Event: 2362.669 Thread 0x000001c9c394b800 Exception <a 'java/lang/NoSuchMethodError'{0x00000000eff0ef50}: <clinit>> (0x00000000eff0ef50) thrown at [c:/BuildAgent/work/5ff2f6c26000d570/src/hotspot/share/prims/jni.cpp, line 1362]

Events (20 events):
Event: 3266.047 Executing VM operation: RevokeBias done
Event: 3266.098 Executing VM operation: RevokeBias
Event: 3266.098 Executing VM operation: RevokeBias done
Event: 3266.098 Executing VM operation: RevokeBias
Event: 3266.098 Executing VM operation: RevokeBias done
Event: 3266.213 Executing VM operation: RevokeBias
Event: 3266.213 Executing VM operation: RevokeBias done
Event: 3266.213 Executing VM operation: RevokeBias
Event: 3266.213 Executing VM operation: RevokeBias done
Event: 3266.330 Executing VM operation: RevokeBias
Event: 3266.330 Executing VM operation: RevokeBias done
Event: 3266.330 Executing VM operation: RevokeBias
Event: 3266.330 Executing VM operation: RevokeBias done
Event: 3266.344 Executing VM operation: RevokeBias
Event: 3266.344 Executing VM operation: RevokeBias done
Event: 3266.344 Executing VM operation: RevokeBias
Event: 3266.344 Executing VM operation: RevokeBias done
Event: 3326.348 Executing VM operation: RevokeBias
Event: 3326.348 Executing VM operation: RevokeBias done
Event: 3326.348 Thread 0x000001c9c2b18000 Thread exited: 0x000001c9c2b18000


Dynamic libraries:
0x00007ff688400000 - 0x00007ff68840a000 	G:\IntelliJ IDEA 2019.3.3\jbr\bin\java.exe
0x00007ffd901a0000 - 0x00007ffd90390000 	C:\WINDOWS\SYSTEM32\ntdll.dll
0x00007ffd8fe10000 - 0x00007ffd8fec2000 	C:\WINDOWS\System32\KERNEL32.DLL
0x00007ffd8d230000 - 0x00007ffd8d4d3000 	C:\WINDOWS\System32\KERNELBASE.dll
0x00007ffd8d500000 - 0x00007ffd8d5fa000 	C:\WINDOWS\System32\ucrtbase.dll
0x00007ffd5e910000 - 0x00007ffd5e929000 	G:\IntelliJ IDEA 2019.3.3\jbr\bin\jli.dll
0x00007ffd5dc20000 - 0x00007ffd5dc37000 	G:\IntelliJ IDEA 2019.3.3\jbr\bin\VCRUNTIME140.dll
0x00007ffd8ec30000 - 0x00007ffd8edc4000 	C:\WINDOWS\System32\USER32.dll
0x00007ffd8de80000 - 0x00007ffd8dea1000 	C:\WINDOWS\System32\win32u.dll
0x00007ffd7f4f0000 - 0x00007ffd7f775000 	C:\WINDOWS\WinSxS\amd64_microsoft.windows.common-controls_6595b64144ccf1df_6.0.18362.657_none_e6c5b579130e3898\COMCTL32.dll
0x00007ffd8fc20000 - 0x00007ffd8fc46000 	C:\WINDOWS\System32\GDI32.dll
0x00007ffd8fff0000 - 0x00007ffd9008e000 	C:\WINDOWS\System32\msvcrt.dll
0x00007ffd8df30000 - 0x00007ffd8e0c4000 	C:\WINDOWS\System32\gdi32full.dll
0x00007ffd8f2d0000 - 0x00007ffd8f606000 	C:\WINDOWS\System32\combase.dll
0x00007ffd8d190000 - 0x00007ffd8d22e000 	C:\WINDOWS\System32\msvcp_win.dll
0x00007ffd8fed0000 - 0x00007ffd8fff0000 	C:\WINDOWS\System32\RPCRT4.dll
0x00007ffd8deb0000 - 0x00007ffd8df30000 	C:\WINDOWS\System32\bcryptPrimitives.dll
0x00007ffd8e400000 - 0x00007ffd8e42e000 	C:\WINDOWS\System32\IMM32.DLL
0x00007ffd3f3e0000 - 0x00007ffd3f47d000 	G:\IntelliJ IDEA 2019.3.3\jbr\bin\msvcp140.dll
0x00007ffd16ac0000 - 0x00007ffd1757b000 	G:\IntelliJ IDEA 2019.3.3\jbr\bin\server\jvm.dll
0x00007ffd8fd60000 - 0x00007ffd8fe03000 	C:\WINDOWS\System32\ADVAPI32.dll
0x00007ffd8fc50000 - 0x00007ffd8fce7000 	C:\WINDOWS\System32\sechost.dll
0x00007ffd8efa0000 - 0x00007ffd8efa8000 	C:\WINDOWS\System32\PSAPI.DLL
0x00007ffd7b3d0000 - 0x00007ffd7b3d9000 	C:\WINDOWS\SYSTEM32\WSOCK32.dll
0x00007ffd8fcf0000 - 0x00007ffd8fd5f000 	C:\WINDOWS\System32\WS2_32.dll
0x00007ffd875f0000 - 0x00007ffd875fa000 	C:\WINDOWS\SYSTEM32\VERSION.dll
0x00007ffd89bf0000 - 0x00007ffd89c14000 	C:\WINDOWS\SYSTEM32\WINMM.dll
0x00007ffd89a60000 - 0x00007ffd89a8d000 	C:\WINDOWS\SYSTEM32\WINMMBASE.dll
0x00007ffd8d600000 - 0x00007ffd8d64a000 	C:\WINDOWS\System32\cfgmgr32.dll
0x00007ffd8d0f0000 - 0x00007ffd8d101000 	C:\WINDOWS\System32\kernel.appcore.dll
0x00007ffd5b400000 - 0x00007ffd5b411000 	G:\IntelliJ IDEA 2019.3.3\jbr\bin\verify.dll
0x00007ffd7baa0000 - 0x00007ffd7bc94000 	C:\WINDOWS\SYSTEM32\DBGHELP.DLL
0x00007ffd791d0000 - 0x00007ffd791fa000 	C:\WINDOWS\SYSTEM32\dbgcore.DLL
0x00007ffd553a0000 - 0x00007ffd553c9000 	G:\IntelliJ IDEA 2019.3.3\jbr\bin\java.dll
0x00007ffd58460000 - 0x00007ffd58477000 	G:\IntelliJ IDEA 2019.3.3\jbr\bin\zip.dll
0x00007ffd79400000 - 0x00007ffd7940b000 	G:\IntelliJ IDEA 2019.3.3\jbr\bin\jimage.dll
0x00007ffd8e540000 - 0x00007ffd8ec25000 	C:\WINDOWS\System32\SHELL32.dll
0x00007ffd8e430000 - 0x00007ffd8e4d9000 	C:\WINDOWS\System32\shcore.dll
0x00007ffd8d700000 - 0x00007ffd8de7f000 	C:\WINDOWS\System32\windows.storage.dll
0x00007ffd8d110000 - 0x00007ffd8d12f000 	C:\WINDOWS\System32\profapi.dll
0x00007ffd8d080000 - 0x00007ffd8d0ca000 	C:\WINDOWS\System32\powrprof.dll
0x00007ffd8d070000 - 0x00007ffd8d080000 	C:\WINDOWS\System32\UMPDdbUtils.getConnection().dll
0x00007ffd8fbb0000 - 0x00007ffd8fc02000 	C:\WINDOWS\System32\shlwapi.dll
0x00007ffd8d4e0000 - 0x00007ffd8d4f7000 	C:\WINDOWS\System32\cryptsp.dll
0x00007ffd528c0000 - 0x00007ffd528da000 	G:\IntelliJ IDEA 2019.3.3\jbr\bin\net.dll
0x00007ffd87fb0000 - 0x00007ffd880a0000 	C:\WINDOWS\SYSTEM32\WINHTTP.dll
0x00007ffd8c8e0000 - 0x00007ffd8c947000 	C:\WINDOWS\system32\mswsock.dll
0x00007ffd52310000 - 0x00007ffd52324000 	G:\IntelliJ IDEA 2019.3.3\jbr\bin\nio.dll
0x00007ffd5ea00000 - 0x00007ffd5ea26000 	C:\Users\RAZVAN\.gradle\native\28\windows-amd64\native-platform.dll
0x00007ffd760a0000 - 0x00007ffd760aa000 	G:\IntelliJ IDEA 2019.3.3\jbr\bin\management.dll
0x00007ffd75cb0000 - 0x00007ffd75cbc000 	G:\IntelliJ IDEA 2019.3.3\jbr\bin\management_ext.dll
0x00007ffd8c3f0000 - 0x00007ffd8c423000 	C:\WINDOWS\system32\rsaenh.dll
0x00007ffd8e220000 - 0x00007ffd8e246000 	C:\WINDOWS\System32\bcrypt.dll
0x00007ffd8cf90000 - 0x00007ffd8cfb5000 	C:\WINDOWS\SYSTEM32\USERENV.dll
0x00007ffd8cab0000 - 0x00007ffd8cabc000 	C:\WINDOWS\SYSTEM32\CRYPTBASE.dll
0x00007ffd8c5f0000 - 0x00007ffd8c62a000 	C:\WINDOWS\SYSTEM32\IPHLPAPI.DLL
0x00007ffd8ef10000 - 0x00007ffd8ef18000 	C:\WINDOWS\System32\NSI.dll
0x00007ffd87b40000 - 0x00007ffd87b56000 	C:\WINDOWS\SYSTEM32\dhcpcsvc6.DLL
0x00007ffd87a40000 - 0x00007ffd87a5c000 	C:\WINDOWS\SYSTEM32\dhcpcsvdbUtils.getConnection().DLL
0x00007ffd8c630000 - 0x00007ffd8c6fa000 	C:\WINDOWS\SYSTEM32\DNSAPI.dll

dbghelp: loaded successfully - version: 4.0.5 - missing functions: none
symbol engine: initialized successfully - sym options: 0x614 - pdb path: .;G:\IntelliJ IDEA 2019.3.3\jbr\bin;C:\WINDOWS\SYSTEM32;C:\WINDOWS\WinSxS\amd64_microsoft.windows.common-controls_6595b64144ccf1df_6.0.18362.657_none_e6c5b579130e3898;G:\IntelliJ IDEA 2019.3.3\jbr\bin\server;C:\Users\RAZVAN\.gradle\native\28\windows-amd64

VM Arguments:
jvm_args: --add-opens=java.base/java.util=ALL-UNNAMED --add-opens=java.base/java.lang=ALL-UNNAMED --add-opens=java.base/java.lang.invoke=ALL-UNNAMED --add-opens=java.prefs/java.util.prefs=ALL-UNNAMED -XX:MaxMetaspaceSize=256m -XX:+HeapDumpOnOutOfMemoryError -Xmx512m -Dfile.encoding=UTF-8 -Duser.country=US -Duser.language=en -Duser.variant 
java_command: org.gradle.launcher.daemon.bootstrap.GradleDaemon 5.2.1
java_class_path (initial): C:\Users\RAZVAN\.gradle\wrapper\dists\gradle-5.2.1-all\bviwmvmbexq6idcscbicws5me\gradle-5.2.1\lib\gradle-launcher-5.2.1.jar
Launcher Type: SUN_STANDARD

[Global flags]
     intx CICompilerCount                          = 3                                         {product} {ergonomic}
   size_t CompressedClassSpaceSize                 = 260046848                                 {product} {ergonomic}
     uint ConcGCThreads                            = 2                                         {product} {ergonomic}
     uint G1ConcRefinementThreads                  = 6                                         {product} {ergonomic}
   size_t G1HeapRegionSize                         = 1048576                                   {product} {ergonomic}
    uintx GCDrainStackTargetSize                   = 64                                        {product} {ergonomic}
     bool HeapDumpOnOutOfMemoryError               = true                                   {manageable} {command line}
   size_t InitialHeapSize                          = 268435456                                 {product} {ergonomic}
   size_t MarkStackSize                            = 4194304                                   {product} {ergonomic}
   size_t MaxHeapSize                              = 536870912                                 {product} {command line}
   size_t MaxMetaspaceSize                         = 268435456                                 {product} {command line}
   size_t MaxNewSize                               = 321912832                                 {product} {ergonomic}
   size_t MinHeapDeltaBytes                        = 1048576                                   {product} {ergonomic}
    uintx NonNMethodCodeHeapSize                   = 5830732                                {pd product} {ergonomic}
    uintx NonProfiledCodeHeapSize                  = 122913754                              {pd product} {ergonomic}
    uintx ProfiledCodeHeapSize                     = 122913754                              {pd product} {ergonomic}
    uintx ReservedCodeCacheSize                    = 251658240                              {pd product} {ergonomic}
     bool SegmentedCodeCache                       = true                                      {product} {ergonomic}
     bool UseCompressedClassPointers               = true                                 {lp64_product} {ergonomic}
     bool UseCompressedOops                        = true                                 {lp64_product} {ergonomic}
     bool UseG1GC                                  = true                                      {product} {ergonomic}
     bool UseLargePagesIndividualAllocation        = false                                  {pd product} {ergonomic}

Logging:
Log output configuration:
 #0: stdout all=warning uptime,level,tags
 #1: stderr all=off uptime,level,tags

Environment Variables:
JAVA_HOME=C:\Program Files\Java\jdk-13.0.1
PATH=C:\Program Files (x86)\Common Files\Oracle\Java\javapath;C:\Program Files\Microsoft MPI\Bin\;C:\Program Files (x86)\Common Files\Intel\Shared Libraries\redist\intel64\compiler;C:\Program Files (x86)\Common Files\Intel\Shared Libraries\redist\ia32\compiler;C:\Program Files (x86)\Intel\iCLS Client\;C:\Program Files\Intel\iCLS Client\;C:\Program Files (x86)\Common Files\Intel\Shared Libraries\redist\intel64\compiler;C:\WINDOWS\system32;C:\WINDOWS;C:\WINDOWS\System32\Wbem;C:\WINDOWS\System32\WindowsPowerShell\v1.0\;C:\Program Files\nodejs\;C:\Program Files\dotnet\;C:\Program Files (x86)\NVIDIA Corporation\PhysX\Common;C:\WINDOWS\System32\OpenSSH\;C:\Program Files (x86)\Intel\Intel(R) Management Engine Components\DAL;C:\Program Files\Intel\Intel(R) Management Engine Components\DAL;C:\Program Files (x86)\Intel\Intel(R) Management Engine Components\IPT;C:\Program Files\Intel\Intel(R) Management Engine Components\IPT;C:\Program Files\NVIDIA Corporation\NVIDIA NvDLISR;C:\WINDOWS\system32;C:\WINDOWS;C:\WINDOWS\System32\Wbem;C:\WINDOWS\System32\WindowsPowerShell\v1.0\;C:\WINDOWS\System32\OpenSSH\;C:\Program Files\Microsoft SQL Server\Client SDK\ODBC\170\Tools\Binn\;C:\Program Files\Git\cmd;C:\Program Files\Microsoft SQL Server\Client SDK\ODBC\130\Tools\Binn\;C:\Program Files (x86)\Microsoft SQL Server\140\Tools\Binn\;C:\Program Files\Microsoft SQL Server\140\Tools\Binn\;C:\Program Files\Microsoft SQL Server\140\DTS\Binn\;C:\Program Files (x86)\Microsoft SQL Server\150\DTS\Binn\;C:\Program Files\Microsoft SQL Server\130\Tools\Binn\;C:\Program Files\Java\jdk-13.0.1\bin;C:\Gradle\gradle-6.2.1\bin;C:\Users\RAZVAN\AppData\Local\Programs\Python\Python37-32\Scripts\;C:\Users\RAZVAN\AppData\Local\Programs\Python\Python37-32\;C:\Users\RAZVAN\AppData\Local\Microsoft\WindowsApps;C:\Users\RAZVAN\AppData\Roaming\npm;C:\Program Files\Heroku\bin;G:\PyCharm Community Edition 2019.2.1\bin;;C:\Program Files (x86)\clisp-2.49;G:\New folder\IntelliJ IDEA 2019.2.3\bin;;C:\Program Files\PostgreSQL
USERNAME=RAZVAN
OS=Windows_NT
PROCESSOR_IDENTIFIER=Intel64 Family 6 Model 158 Stepping 10, GenuineIntel



---------------  S Y S T E M  ---------------

OS: Windows 10 , 64 bit Build 18362 (10.0.18362.329)

CPU:total 6 (initial active 6) (6 cores per cpu, 1 threads per core) family 6 model 158 stepping 10, cmov, cx8, fxsr, mmx, sse, sse2, sse3, ssse3, sse4.1, sse4.2, popcnt, avx, avx2, aes, clmul, erms, rtm, 3dnowpref, lzcnt, tsc, tscinvbit, bmi1, bmi2, adx, fma

Memory: 4k page, system-wide physical 16332M (3313M free)
TotalPageFile size 28565M (AvailPageFile size 4M)
current process WorkingSet (physical memory assigned to process): 239M, peak: 309M
current process commit charge ("private bytes"): 435M, peak: 470M

vm_info: OpenJDK 64-Bit Server VM (11.0.5+10-b520.38) for windows-amd64 JRE (11.0.5+10-b520.38), built on Jan 23 2020 07:58:32 by "" with MS VC++ 14.0 (VS2015)

END.
